# JRE version: Java(TM) SE Runtime Environment (17.0.7+8) (build 17.0.7+8-LTS-224)
# Java VM: Java HotSpot(TM) 64-Bit Server VM (17.0.7+8-LTS-224, mixed mode, sharing, tiered, compressed oops, compressed class ptrs, g1 gc, windows-amd64)
GC Precious Log:
 CPUs: 8 total, 8 available
 Memory: 20247M
 Large Page Support: Disabled
 NUMA Support: Disabled
 Compressed Oops: Enabled (32-bit)
 Heap Region Size: 1M
 Heap Min Capacity: 8M
 Heap Initial Capacity: 318M
 Heap Max Capacity: 1536M
 Pre-touch: Disabled
 Parallel Workers: 8
 Concurrent Workers: 2
 Concurrent Refinement Workers: 8
 Periodic GC: Disabled
Heap:
 garbage-first heap   total 101376K, used 70680K [0x00000000a0000000, 0x0000000100000000)
  region size 1024K, 14 young (14336K), 1 survivors (1024K)
 Metaspace       used 50771K, committed 51328K, reserved 1097728K
  class space    used 7002K, committed 7232K, reserved 1048576K
GC Heap History (20 events):
Event: 14.703 GC heap before
{Heap before GC invocations=12 (full 0):
 garbage-first heap   total 89088K, used 68582K [0x00000000a0000000, 0x0000000100000000)
  region size 1024K, 33 young (33792K), 4 survivors (4096K)
 Metaspace       used 44956K, committed 45440K, reserved 1089536K
  class space    used 6264K, committed 6464K, reserved 1048576K
}
Event: 14.708 GC heap after
{Heap after GC invocations=13 (full 0):
 garbage-first heap   total 89088K, used 40667K [0x00000000a0000000, 0x0000000100000000)
  region size 1024K, 2 young (2048K), 2 survivors (2048K)
 Metaspace       used 44956K, committed 45440K, reserved 1089536K
  class space    used 6264K, committed 6464K, reserved 1048576K
}
Event: 15.534 GC heap before
{Heap before GC invocations=13 (full 0):
 garbage-first heap   total 89088K, used 70363K [0x00000000a0000000, 0x0000000100000000)
  region size 1024K, 31 young (31744K), 2 survivors (2048K)
 Metaspace       used 47484K, committed 47936K, reserved 1097728K
  class space    used 6619K, committed 6848K, reserved 1048576K
}
Event: 15.538 GC heap after
{Heap after GC invocations=14 (full 0):
 garbage-first heap   total 89088K, used 42923K [0x00000000a0000000, 0x0000000100000000)
  region size 1024K, 4 young (4096K), 4 survivors (4096K)
 Metaspace       used 47484K, committed 47936K, reserved 1097728K
  class space    used 6619K, committed 6848K, reserved 1048576K
}
Event: 16.463 GC heap before
{Heap before GC invocations=14 (full 0):
 garbage-first heap   total 89088K, used 69547K [0x00000000a0000000, 0x0000000100000000)
  region size 1024K, 31 young (31744K), 4 survivors (4096K)
 Metaspace       used 48422K, committed 48960K, reserved 1097728K
  class space    used 6735K, committed 6976K, reserved 1048576K
}
Event: 16.469 GC heap after
{Heap after GC invocations=15 (full 0):
 garbage-first heap   total 89088K, used 44812K [0x00000000a0000000, 0x0000000100000000)
  region size 1024K, 2 young (2048K), 2 survivors (2048K)
 Metaspace       used 48422K, committed 48960K, reserved 1097728K
  class space    used 6735K, committed 6976K, reserved 1048576K
}
Event: 17.043 GC heap before
{Heap before GC invocations=15 (full 0):
 garbage-first heap   total 89088K, used 70412K [0x00000000a0000000, 0x0000000100000000)
  region size 1024K, 28 young (28672K), 2 survivors (2048K)
 Metaspace       used 48836K, committed 49344K, reserved 1097728K
  class space    used 6760K, committed 6976K, reserved 1048576K
}
Event: 17.047 GC heap after
{Heap after GC invocations=16 (full 0):
 garbage-first heap   total 89088K, used 45336K [0x00000000a0000000, 0x0000000100000000)
  region size 1024K, 3 young (3072K), 3 survivors (3072K)
 Metaspace       used 48836K, committed 49344K, reserved 1097728K
  class space    used 6760K, committed 6976K, reserved 1048576K
}
Event: 17.310 GC heap before
{Heap before GC invocations=17 (full 0):
 garbage-first heap   total 89088K, used 70936K [0x00000000a0000000, 0x0000000100000000)
  region size 1024K, 29 young (29696K), 3 survivors (3072K)
 Metaspace       used 48890K, committed 49344K, reserved 1097728K
  class space    used 6760K, committed 6976K, reserved 1048576K
}
Event: 17.315 GC heap after
{Heap after GC invocations=18 (full 0):
 garbage-first heap   total 89088K, used 46154K [0x00000000a0000000, 0x0000000100000000)
  region size 1024K, 2 young (2048K), 2 survivors (2048K)
 Metaspace       used 48890K, committed 49344K, reserved 1097728K
  class space    used 6760K, committed 6976K, reserved 1048576K
}
Event: 17.334 GC heap before
{Heap before GC invocations=18 (full 0):
 garbage-first heap   total 89088K, used 48202K [0x00000000a0000000, 0x0000000100000000)
  region size 1024K, 4 young (4096K), 2 survivors (2048K)
 Metaspace       used 48890K, committed 49344K, reserved 1097728K
  class space    used 6760K, committed 6976K, reserved 1048576K
}
Event: 17.336 GC heap after
{Heap after GC invocations=19 (full 0):
 garbage-first heap   total 89088K, used 46323K [0x00000000a0000000, 0x0000000100000000)
  region size 1024K, 1 young (1024K), 1 survivors (1024K)
 Metaspace       used 48890K, committed 49344K, reserved 1097728K
  class space    used 6760K, committed 6976K, reserved 1048576K
}
Event: 17.529 GC heap before
{Heap before GC invocations=19 (full 0):
 garbage-first heap   total 89088K, used 72947K [0x00000000a0000000, 0x0000000100000000)
  region size 1024K, 28 young (28672K), 1 survivors (1024K)
 Metaspace       used 48936K, committed 49408K, reserved 1097728K
  class space    used 6762K, committed 6976K, reserved 1048576K
}
Event: 17.531 GC heap after
{Heap after GC invocations=20 (full 0):
 garbage-first heap   total 89088K, used 46806K [0x00000000a0000000, 0x0000000100000000)
  region size 1024K, 1 young (1024K), 1 survivors (1024K)
 Metaspace       used 48936K, committed 49408K, reserved 1097728K
  class space    used 6762K, committed 6976K, reserved 1048576K
}
Event: 18.223 GC heap before
{Heap before GC invocations=21 (full 0):
 garbage-first heap   total 89088K, used 78550K [0x00000000a0000000, 0x0000000100000000)
  region size 1024K, 28 young (28672K), 1 survivors (1024K)
 Metaspace       used 49610K, committed 50176K, reserved 1097728K
  class space    used 6873K, committed 7104K, reserved 1048576K
}
Event: 18.226 GC heap after
{Heap after GC invocations=22 (full 0):
 garbage-first heap   total 89088K, used 57149K [0x00000000a0000000, 0x0000000100000000)
  region size 1024K, 4 young (4096K), 4 survivors (4096K)
 Metaspace       used 49610K, committed 50176K, reserved 1097728K
  class space    used 6873K, committed 7104K, reserved 1048576K
}
Event: 18.236 GC heap before
{Heap before GC invocations=22 (full 0):
 garbage-first heap   total 89088K, used 58173K [0x00000000a0000000, 0x0000000100000000)
  region size 1024K, 5 young (5120K), 4 survivors (4096K)
 Metaspace       used 49610K, committed 50176K, reserved 1097728K
  class space    used 6873K, committed 7104K, reserved 1048576K
}
Event: 18.240 GC heap after
{Heap after GC invocations=23 (full 0):
 garbage-first heap   total 89088K, used 56997K [0x00000000a0000000, 0x0000000100000000)
  region size 1024K, 1 young (1024K), 1 survivors (1024K)
 Metaspace       used 49610K, committed 50176K, reserved 1097728K
  class space    used 6873K, committed 7104K, reserved 1048576K
}
Event: 18.382 GC heap before
{Heap before GC invocations=23 (full 0):
 garbage-first heap   total 89088K, used 60069K [0x00000000a0000000, 0x0000000100000000)
  region size 1024K, 5 young (5120K), 1 survivors (1024K)
 Metaspace       used 49836K, committed 50432K, reserved 1097728K
  class space    used 6902K, committed 7168K, reserved 1048576K
}
Event: 18.384 GC heap after
{Heap after GC invocations=24 (full 0):
 garbage-first heap   total 89088K, used 57368K [0x00000000a0000000, 0x0000000100000000)
  region size 1024K, 1 young (1024K), 1 survivors (1024K)
 Metaspace       used 49836K, committed 50432K, reserved 1097728K
  class space    used 6902K, committed 7168K, reserved 1048576K
}

