# JRE version: OpenJDK Runtime Environment Temurin-21.0.10+7 (21.0.10+7) (build 21.0.10+7-LTS)
# Java VM: OpenJDK 64-Bit Server VM Temurin-21.0.10+7 (21.0.10+7-LTS, mixed mode, sharing, tiered, compressed oops, compressed class ptrs, parallel gc, windows-amd64)
GC Precious Log:
 CardTable entry size: 512
 CPUs: 8 total, 8 available
 Memory: 20247M
 Large Page Support: Disabled
 NUMA Support: Disabled
 Compressed Oops: Enabled (32-bit)
 Alignments: Space 512K, Generation 512K, Heap 2M
 Heap Min Capacity: 100M
 Heap Initial Capacity: 100M
 Heap Max Capacity: 2G
 Pre-touch: Disabled
 Parallel Workers: 8
Heap:
 PSYoungGen      total 14336K, used 11709K [0x00000000d5580000, 0x00000000d6d80000, 0x0000000100000000)
  eden space 13824K, 81% used [0x00000000d5580000,0x00000000d606fb20,0x00000000d6300000)
  from space 512K, 99% used [0x00000000d6800000,0x00000000d687fc00,0x00000000d6880000)
  to   space 5120K, 0% used [0x00000000d6300000,0x00000000d6300000,0x00000000d6800000)
 ParOldGen       total 82944K, used 82518K [0x0000000080000000, 0x0000000085100000, 0x00000000d5580000)
  object space 82944K, 99% used [0x0000000080000000,0x0000000085095b08,0x0000000085100000)
 Metaspace       used 81377K, committed 82944K, reserved 1179648K
  class space    used 9764K, committed 10496K, reserved 1048576K
GC Heap History (20 events):
Event: 95.089 GC heap before
{Heap before GC invocations=82 (full 3):
 PSYoungGen      total 14848K, used 14528K [0x00000000d5580000, 0x00000000d6580000, 0x0000000100000000)
  eden space 14336K, 100% used [0x00000000d5580000,0x00000000d6380000,0x00000000d6380000)
  from space 512K, 37% used [0x00000000d6500000,0x00000000d6530000,0x00000000d6580000)
  to   space 512K, 0% used [0x00000000d6480000,0x00000000d6480000,0x00000000d6500000)
 ParOldGen       total 74240K, used 74017K [0x0000000080000000, 0x0000000084880000, 0x00000000d5580000)
  object space 74240K, 99% used [0x0000000080000000,0x0000000084848620,0x0000000084880000)
 Metaspace       used 76883K, committed 78400K, reserved 1179648K
  class space    used 9272K, committed 9984K, reserved 1048576K
}
Event: 95.090 GC heap after
{Heap after GC invocations=82 (full 3):
 PSYoungGen      total 14848K, used 224K [0x00000000d5580000, 0x00000000d6580000, 0x0000000100000000)
  eden space 14336K, 0% used [0x00000000d5580000,0x00000000d5580000,0x00000000d6380000)
  from space 512K, 43% used [0x00000000d6480000,0x00000000d64b8000,0x00000000d6500000)
  to   space 512K, 0% used [0x00000000d6500000,0x00000000d6500000,0x00000000d6580000)
 ParOldGen       total 74240K, used 74017K [0x0000000080000000, 0x0000000084880000, 0x00000000d5580000)
  object space 74240K, 99% used [0x0000000080000000,0x0000000084848620,0x0000000084880000)
 Metaspace       used 76883K, committed 78400K, reserved 1179648K
  class space    used 9272K, committed 9984K, reserved 1048576K
}
Event: 101.325 GC heap before
{Heap before GC invocations=83 (full 3):
 PSYoungGen      total 14848K, used 14560K [0x00000000d5580000, 0x00000000d6580000, 0x0000000100000000)
  eden space 14336K, 100% used [0x00000000d5580000,0x00000000d6380000,0x00000000d6380000)
  from space 512K, 43% used [0x00000000d6480000,0x00000000d64b8000,0x00000000d6500000)
  to   space 512K, 0% used [0x00000000d6500000,0x00000000d6500000,0x00000000d6580000)
 ParOldGen       total 74240K, used 74017K [0x0000000080000000, 0x0000000084880000, 0x00000000d5580000)
  object space 74240K, 99% used [0x0000000080000000,0x0000000084848620,0x0000000084880000)
 Metaspace       used 77293K, committed 78784K, reserved 1179648K
  class space    used 9336K, committed 10048K, reserved 1048576K
}
Event: 101.327 GC heap after
{Heap after GC invocations=83 (full 3):
 PSYoungGen      total 14848K, used 490K [0x00000000d5580000, 0x00000000d6580000, 0x0000000100000000)
  eden space 14336K, 0% used [0x00000000d5580000,0x00000000d5580000,0x00000000d6380000)
  from space 512K, 95% used [0x00000000d6500000,0x00000000d657aa38,0x00000000d6580000)
  to   space 1024K, 0% used [0x00000000d6380000,0x00000000d6380000,0x00000000d6480000)
 ParOldGen       total 74752K, used 74297K [0x0000000080000000, 0x0000000084900000, 0x00000000d5580000)
  object space 74752K, 99% used [0x0000000080000000,0x000000008488e620,0x0000000084900000)
 Metaspace       used 77293K, committed 78784K, reserved 1179648K
  class space    used 9336K, committed 10048K, reserved 1048576K
}
Event: 101.841 GC heap before
{Heap before GC invocations=84 (full 3):
 PSYoungGen      total 14848K, used 14824K [0x00000000d5580000, 0x00000000d6580000, 0x0000000100000000)
  eden space 14336K, 99% used [0x00000000d5580000,0x00000000d637f898,0x00000000d6380000)
  from space 512K, 95% used [0x00000000d6500000,0x00000000d657aa38,0x00000000d6580000)
  to   space 1024K, 0% used [0x00000000d6380000,0x00000000d6380000,0x00000000d6480000)
 ParOldGen       total 74752K, used 74297K [0x0000000080000000, 0x0000000084900000, 0x00000000d5580000)
  object space 74752K, 99% used [0x0000000080000000,0x000000008488e620,0x0000000084900000)
 Metaspace       used 78387K, committed 79936K, reserved 1179648K
  class space    used 9448K, committed 10176K, reserved 1048576K
}
Event: 101.845 GC heap after
{Heap after GC invocations=84 (full 3):
 PSYoungGen      total 15360K, used 1015K [0x00000000d5580000, 0x00000000d6d80000, 0x0000000100000000)
  eden space 14336K, 0% used [0x00000000d5580000,0x00000000d5580000,0x00000000d6380000)
  from space 1024K, 99% used [0x00000000d6380000,0x00000000d647dcc8,0x00000000d6480000)
  to   space 5120K, 0% used [0x00000000d6880000,0x00000000d6880000,0x00000000d6d80000)
 ParOldGen       total 77824K, used 77345K [0x0000000080000000, 0x0000000084c00000, 0x00000000d5580000)
  object space 77824K, 99% used [0x0000000080000000,0x0000000084b887d0,0x0000000084c00000)
 Metaspace       used 78387K, committed 79936K, reserved 1179648K
  class space    used 9448K, committed 10176K, reserved 1048576K
}
Event: 102.441 GC heap before
{Heap before GC invocations=85 (full 3):
 PSYoungGen      total 15360K, used 15351K [0x00000000d5580000, 0x00000000d6d80000, 0x0000000100000000)
  eden space 14336K, 100% used [0x00000000d5580000,0x00000000d6380000,0x00000000d6380000)
  from space 1024K, 99% used [0x00000000d6380000,0x00000000d647dcc8,0x00000000d6480000)
  to   space 5120K, 0% used [0x00000000d6880000,0x00000000d6880000,0x00000000d6d80000)
 ParOldGen       total 77824K, used 77345K [0x0000000080000000, 0x0000000084c00000, 0x00000000d5580000)
  object space 77824K, 99% used [0x0000000080000000,0x0000000084b887d0,0x0000000084c00000)
 Metaspace       used 79776K, committed 81408K, reserved 1179648K
  class space    used 9603K, committed 10368K, reserved 1048576K
}
Event: 102.443 GC heap after
{Heap after GC invocations=85 (full 3):
 PSYoungGen      total 15360K, used 992K [0x00000000d5580000, 0x00000000d6980000, 0x0000000100000000)
  eden space 14336K, 0% used [0x00000000d5580000,0x00000000d5580000,0x00000000d6380000)
  from space 1024K, 96% used [0x00000000d6880000,0x00000000d6978000,0x00000000d6980000)
  to   space 2560K, 0% used [0x00000000d6480000,0x00000000d6480000,0x00000000d6700000)
 ParOldGen       total 78336K, used 77932K [0x0000000080000000, 0x0000000084c80000, 0x00000000d5580000)
  object space 78336K, 99% used [0x0000000080000000,0x0000000084c1b380,0x0000000084c80000)
 Metaspace       used 79776K, committed 81408K, reserved 1179648K
  class space    used 9603K, committed 10368K, reserved 1048576K
}
Event: 102.624 GC heap before
{Heap before GC invocations=86 (full 3):
 PSYoungGen      total 15360K, used 15328K [0x00000000d5580000, 0x00000000d6980000, 0x0000000100000000)
  eden space 14336K, 100% used [0x00000000d5580000,0x00000000d6380000,0x00000000d6380000)
  from space 1024K, 96% used [0x00000000d6880000,0x00000000d6978000,0x00000000d6980000)
  to   space 2560K, 0% used [0x00000000d6480000,0x00000000d6480000,0x00000000d6700000)
 ParOldGen       total 78336K, used 77932K [0x0000000080000000, 0x0000000084c80000, 0x00000000d5580000)
  object space 78336K, 99% used [0x0000000080000000,0x0000000084c1b380,0x0000000084c80000)
 Metaspace       used 79778K, committed 81408K, reserved 1179648K
  class space    used 9604K, committed 10368K, reserved 1048576K
}
Event: 102.626 GC heap after
{Heap after GC invocations=86 (full 3):
 PSYoungGen      total 16896K, used 128K [0x00000000d5580000, 0x00000000d6900000, 0x0000000100000000)
  eden space 14336K, 0% used [0x00000000d5580000,0x00000000d5580000,0x00000000d6380000)
  from space 2560K, 5% used [0x00000000d6480000,0x00000000d64a0000,0x00000000d6700000)
  to   space 1024K, 0% used [0x00000000d6800000,0x00000000d6800000,0x00000000d6900000)
 ParOldGen       total 78848K, used 78836K [0x0000000080000000, 0x0000000084d00000, 0x00000000d5580000)
  object space 78848K, 99% used [0x0000000080000000,0x0000000084cfd380,0x0000000084d00000)
 Metaspace       used 79778K, committed 81408K, reserved 1179648K
  class space    used 9604K, committed 10368K, reserved 1048576K
}
Event: 103.035 GC heap before
{Heap before GC invocations=87 (full 3):
 PSYoungGen      total 16896K, used 14464K [0x00000000d5580000, 0x00000000d6900000, 0x0000000100000000)
  eden space 14336K, 100% used [0x00000000d5580000,0x00000000d6380000,0x00000000d6380000)
  from space 2560K, 5% used [0x00000000d6480000,0x00000000d64a0000,0x00000000d6700000)
  to   space 1024K, 0% used [0x00000000d6800000,0x00000000d6800000,0x00000000d6900000)
 ParOldGen       total 78848K, used 78836K [0x0000000080000000, 0x0000000084d00000, 0x00000000d5580000)
  object space 78848K, 99% used [0x0000000080000000,0x0000000084cfd380,0x0000000084d00000)
 Metaspace       used 79791K, committed 81408K, reserved 1179648K
  class space    used 9604K, committed 10368K, reserved 1048576K
}
Event: 103.037 GC heap after
{Heap after GC invocations=87 (full 3):
 PSYoungGen      total 14848K, used 224K [0x00000000d5580000, 0x00000000d6880000, 0x0000000100000000)
  eden space 14336K, 0% used [0x00000000d5580000,0x00000000d5580000,0x00000000d6380000)
  from space 512K, 43% used [0x00000000d6800000,0x00000000d6838000,0x00000000d6880000)
  to   space 512K, 0% used [0x00000000d6780000,0x00000000d6780000,0x00000000d6800000)
 ParOldGen       total 79360K, used 78852K [0x0000000080000000, 0x0000000084d80000, 0x00000000d5580000)
  object space 79360K, 99% used [0x0000000080000000,0x0000000084d01380,0x0000000084d80000)
 Metaspace       used 79791K, committed 81408K, reserved 1179648K
  class space    used 9604K, committed 10368K, reserved 1048576K
}
Event: 103.519 GC heap before
{Heap before GC invocations=88 (full 3):
 PSYoungGen      total 14848K, used 14560K [0x00000000d5580000, 0x00000000d6880000, 0x0000000100000000)
  eden space 14336K, 100% used [0x00000000d5580000,0x00000000d6380000,0x00000000d6380000)
  from space 512K, 43% used [0x00000000d6800000,0x00000000d6838000,0x00000000d6880000)
  to   space 512K, 0% used [0x00000000d6780000,0x00000000d6780000,0x00000000d6800000)
 ParOldGen       total 79360K, used 78852K [0x0000000080000000, 0x0000000084d80000, 0x00000000d5580000)
  object space 79360K, 99% used [0x0000000080000000,0x0000000084d01380,0x0000000084d80000)
 Metaspace       used 80006K, committed 81600K, reserved 1179648K
  class space    used 9616K, committed 10368K, reserved 1048576K
}
Event: 103.519 GC heap after
{Heap after GC invocations=88 (full 3):
 PSYoungGen      total 14848K, used 256K [0x00000000d5580000, 0x00000000d6880000, 0x0000000100000000)
  eden space 14336K, 0% used [0x00000000d5580000,0x00000000d5580000,0x00000000d6380000)
  from space 512K, 50% used [0x00000000d6780000,0x00000000d67c0000,0x00000000d6800000)
  to   space 512K, 0% used [0x00000000d6800000,0x00000000d6800000,0x00000000d6880000)
 ParOldGen       total 79360K, used 78900K [0x0000000080000000, 0x0000000084d80000, 0x00000000d5580000)
  object space 79360K, 99% used [0x0000000080000000,0x0000000084d0d380,0x0000000084d80000)
 Metaspace       used 80006K, committed 81600K, reserved 1179648K
  class space    used 9616K, committed 10368K, reserved 1048576K
}
Event: 103.840 GC heap before
{Heap before GC invocations=89 (full 3):
 PSYoungGen      total 14848K, used 14592K [0x00000000d5580000, 0x00000000d6880000, 0x0000000100000000)
  eden space 14336K, 100% used [0x00000000d5580000,0x00000000d6380000,0x00000000d6380000)
  from space 512K, 50% used [0x00000000d6780000,0x00000000d67c0000,0x00000000d6800000)
  to   space 512K, 0% used [0x00000000d6800000,0x00000000d6800000,0x00000000d6880000)
 ParOldGen       total 79360K, used 78900K [0x0000000080000000, 0x0000000084d80000, 0x00000000d5580000)
  object space 79360K, 99% used [0x0000000080000000,0x0000000084d0d380,0x0000000084d80000)
 Metaspace       used 80017K, committed 81600K, reserved 1179648K
  class space    used 9616K, committed 10368K, reserved 1048576K
}
Event: 103.841 GC heap after
{Heap after GC invocations=89 (full 3):
 PSYoungGen      total 14848K, used 160K [0x00000000d5580000, 0x00000000d6880000, 0x0000000100000000)
  eden space 14336K, 0% used [0x00000000d5580000,0x00000000d5580000,0x00000000d6380000)
  from space 512K, 31% used [0x00000000d6800000,0x00000000d6828000,0x00000000d6880000)
  to   space 512K, 0% used [0x00000000d6780000,0x00000000d6780000,0x00000000d6800000)
 ParOldGen       total 79360K, used 78980K [0x0000000080000000, 0x0000000084d80000, 0x00000000d5580000)
  object space 79360K, 99% used [0x0000000080000000,0x0000000084d21380,0x0000000084d80000)
 Metaspace       used 80017K, committed 81600K, reserved 1179648K
  class space    used 9616K, committed 10368K, reserved 1048576K
}
Event: 104.108 GC heap before
{Heap before GC invocations=90 (full 3):
 PSYoungGen      total 14848K, used 14491K [0x00000000d5580000, 0x00000000d6880000, 0x0000000100000000)
  eden space 14336K, 99% used [0x00000000d5580000,0x00000000d637eec0,0x00000000d6380000)
  from space 512K, 31% used [0x00000000d6800000,0x00000000d6828000,0x00000000d6880000)
  to   space 512K, 0% used [0x00000000d6780000,0x00000000d6780000,0x00000000d6800000)
 ParOldGen       total 79360K, used 78980K [0x0000000080000000, 0x0000000084d80000, 0x00000000d5580000)
  object space 79360K, 99% used [0x0000000080000000,0x0000000084d21380,0x0000000084d80000)
 Metaspace       used 80265K, committed 81920K, reserved 1179648K
  class space    used 9640K, committed 10432K, reserved 1048576K
}
Event: 104.109 GC heap after
{Heap after GC invocations=90 (full 3):
 PSYoungGen      total 14848K, used 480K [0x00000000d5580000, 0x00000000d6880000, 0x0000000100000000)
  eden space 14336K, 0% used [0x00000000d5580000,0x00000000d5580000,0x00000000d6380000)
  from space 512K, 93% used [0x00000000d6780000,0x00000000d67f82c0,0x00000000d6800000)
  to   space 512K, 0% used [0x00000000d6800000,0x00000000d6800000,0x00000000d6880000)
 ParOldGen       total 79360K, used 79012K [0x0000000080000000, 0x0000000084d80000, 0x00000000d5580000)
  object space 79360K, 99% used [0x0000000080000000,0x0000000084d29380,0x0000000084d80000)
 Metaspace       used 80265K, committed 81920K, reserved 1179648K
  class space    used 9640K, committed 10432K, reserved 1048576K
}
Event: 104.492 GC heap before
{Heap before GC invocations=91 (full 3):
 PSYoungGen      total 14848K, used 14809K [0x00000000d5580000, 0x00000000d6880000, 0x0000000100000000)
  eden space 14336K, 99% used [0x00000000d5580000,0x00000000d637e488,0x00000000d6380000)
  from space 512K, 93% used [0x00000000d6780000,0x00000000d67f82c0,0x00000000d6800000)
  to   space 512K, 0% used [0x00000000d6800000,0x00000000d6800000,0x00000000d6880000)
 ParOldGen       total 79360K, used 79012K [0x0000000080000000, 0x0000000084d80000, 0x00000000d5580000)
  object space 79360K, 99% used [0x0000000080000000,0x0000000084d29380,0x0000000084d80000)
 Metaspace       used 80818K, committed 82432K, reserved 1179648K
  class space    used 9707K, committed 10496K, reserved 1048576K
}
Event: 104.496 GC heap after
{Heap after GC invocations=91 (full 3):
 PSYoungGen      total 14336K, used 511K [0x00000000d5580000, 0x00000000d6d80000, 0x0000000100000000)
  eden space 13824K, 0% used [0x00000000d5580000,0x00000000d5580000,0x00000000d6300000)
  from space 512K, 99% used [0x00000000d6800000,0x00000000d687fc00,0x00000000d6880000)
  to   space 5120K, 0% used [0x00000000d6300000,0x00000000d6300000,0x00000000d6800000)
 ParOldGen       total 82944K, used 82518K [0x0000000080000000, 0x0000000085100000, 0x00000000d5580000)
  object space 82944K, 99% used [0x0000000080000000,0x0000000085095b08,0x0000000085100000)
 Metaspace       used 80818K, committed 82432K, reserved 1179648K
  class space    used 9707K, committed 10496K, reserved 1048576K
}

