# JRE version: OpenJDK Runtime Environment Temurin-21.0.10+7 (21.0.10+7) (build 21.0.10+7-LTS)
# Java VM: OpenJDK 64-Bit Server VM Temurin-21.0.10+7 (21.0.10+7-LTS, mixed mode, sharing, tiered, compressed oops, compressed class ptrs, parallel gc, windows-amd64)
GC Precious Log:
 CardTable entry size: 512
 CPUs: 8 total, 8 available
 Memory: 20247M
 Large Page Support: Disabled
 NUMA Support: Disabled
 Compressed Oops: Enabled (32-bit)
 Alignments: Space 512K, Generation 512K, Heap 2M
 Heap Min Capacity: 100M
 Heap Initial Capacity: 100M
 Heap Max Capacity: 2G
 Pre-touch: Disabled
 Parallel Workers: 8
Heap:
 PSYoungGen      total 6144K, used 5794K [0x00000000d5580000, 0x00000000d6000000, 0x0000000100000000)
  eden space 5120K, 100% used [0x00000000d5580000,0x00000000d5a80000,0x00000000d5a80000)
  from space 1024K, 65% used [0x00000000d5e80000,0x00000000d5f28a48,0x00000000d5f80000)
  to   space 512K, 97% used [0x00000000d5f80000,0x00000000d5ffd068,0x00000000d6000000)
 ParOldGen       total 99840K, used 99838K [0x0000000080000000, 0x0000000086180000, 0x00000000d5580000)
  object space 99840K, 99% used [0x0000000080000000,0x000000008617f9f8,0x0000000086180000)
 Metaspace       used 84717K, committed 86400K, reserved 1179648K
  class space    used 10155K, committed 10880K, reserved 1048576K
GC Heap History (20 events):
Event: 1098.175 GC heap before
{Heap before GC invocations=96 (full 3):
 PSYoungGen      total 16896K, used 16640K [0x00000000d5580000, 0x00000000d7180000, 0x0000000100000000)
  eden space 11264K, 97% used [0x00000000d5580000,0x00000000d6043968,0x00000000d6080000)
  from space 5632K, 99% used [0x00000000d6800000,0x00000000d6d7c6f0,0x00000000d6d80000)
  to   space 7680K, 0% used [0x00000000d6080000,0x00000000d6080000,0x00000000d6800000)
 ParOldGen       total 76800K, used 76744K [0x0000000080000000, 0x0000000084b00000, 0x00000000d5580000)
  object space 76800K, 99% used [0x0000000080000000,0x0000000084af2368,0x0000000084b00000)
 Metaspace       used 83535K, committed 85120K, reserved 1179648K
  class space    used 10099K, committed 10752K, reserved 1048576K
}
Event: 1100.204 GC heap after
{Heap after GC invocations=96 (full 3):
 PSYoungGen      total 17408K, used 5905K [0x00000000d5580000, 0x00000000d6d80000, 0x0000000100000000)
  eden space 11264K, 0% used [0x00000000d5580000,0x00000000d5580000,0x00000000d6080000)
  from space 6144K, 96% used [0x00000000d6080000,0x00000000d66445d8,0x00000000d6680000)
  to   space 6656K, 0% used [0x00000000d6700000,0x00000000d6700000,0x00000000d6d80000)
 ParOldGen       total 81408K, used 81304K [0x0000000080000000, 0x0000000084f80000, 0x00000000d5580000)
  object space 81408K, 99% used [0x0000000080000000,0x0000000084f661e8,0x0000000084f80000)
 Metaspace       used 83535K, committed 85120K, reserved 1179648K
  class space    used 10099K, committed 10752K, reserved 1048576K
}
Event: 1102.133 GC heap before
{Heap before GC invocations=97 (full 3):
 PSYoungGen      total 17408K, used 17169K [0x00000000d5580000, 0x00000000d6d80000, 0x0000000100000000)
  eden space 11264K, 100% used [0x00000000d5580000,0x00000000d6080000,0x00000000d6080000)
  from space 6144K, 96% used [0x00000000d6080000,0x00000000d66445d8,0x00000000d6680000)
  to   space 6656K, 0% used [0x00000000d6700000,0x00000000d6700000,0x00000000d6d80000)
 ParOldGen       total 81408K, used 81304K [0x0000000080000000, 0x0000000084f80000, 0x00000000d5580000)
  object space 81408K, 99% used [0x0000000080000000,0x0000000084f661e8,0x0000000084f80000)
 Metaspace       used 83588K, committed 85120K, reserved 1179648K
  class space    used 10102K, committed 10752K, reserved 1048576K
}
Event: 1102.142 GC heap after
{Heap after GC invocations=97 (full 3):
 PSYoungGen      total 11776K, used 6626K [0x00000000d5580000, 0x00000000d7980000, 0x0000000100000000)
  eden space 5120K, 0% used [0x00000000d5580000,0x00000000d5580000,0x00000000d5a80000)
  from space 6656K, 99% used [0x00000000d6700000,0x00000000d6d78a40,0x00000000d6d80000)
  to   space 12800K, 0% used [0x00000000d5a80000,0x00000000d5a80000,0x00000000d6700000)
 ParOldGen       total 86528K, used 86350K [0x0000000080000000, 0x0000000085480000, 0x00000000d5580000)
  object space 86528K, 99% used [0x0000000080000000,0x0000000085453a18,0x0000000085480000)
 Metaspace       used 83588K, committed 85120K, reserved 1179648K
  class space    used 10102K, committed 10752K, reserved 1048576K
}
Event: 1102.256 GC heap before
{Heap before GC invocations=98 (full 3):
 PSYoungGen      total 11776K, used 11746K [0x00000000d5580000, 0x00000000d7980000, 0x0000000100000000)
  eden space 5120K, 100% used [0x00000000d5580000,0x00000000d5a80000,0x00000000d5a80000)
  from space 6656K, 99% used [0x00000000d6700000,0x00000000d6d78a40,0x00000000d6d80000)
  to   space 12800K, 0% used [0x00000000d5a80000,0x00000000d5a80000,0x00000000d6700000)
 ParOldGen       total 86528K, used 86350K [0x0000000080000000, 0x0000000085480000, 0x00000000d5580000)
  object space 86528K, 99% used [0x0000000080000000,0x0000000085453a18,0x0000000085480000)
 Metaspace       used 83701K, committed 85248K, reserved 1179648K
  class space    used 10105K, committed 10752K, reserved 1048576K
}
Event: 1102.259 GC heap after
{Heap after GC invocations=98 (full 3):
 PSYoungGen      total 6144K, used 728K [0x00000000d5580000, 0x00000000d6780000, 0x0000000100000000)
  eden space 5120K, 0% used [0x00000000d5580000,0x00000000d5580000,0x00000000d5a80000)
  from space 1024K, 71% used [0x00000000d5a80000,0x00000000d5b36190,0x00000000d5b80000)
  to   space 5120K, 0% used [0x00000000d6280000,0x00000000d6280000,0x00000000d6780000)
 ParOldGen       total 87552K, used 87259K [0x0000000080000000, 0x0000000085580000, 0x00000000d5580000)
  object space 87552K, 99% used [0x0000000080000000,0x0000000085536f38,0x0000000085580000)
 Metaspace       used 83701K, committed 85248K, reserved 1179648K
  class space    used 10105K, committed 10752K, reserved 1048576K
}
Event: 1102.357 GC heap before
{Heap before GC invocations=99 (full 3):
 PSYoungGen      total 6144K, used 5401K [0x00000000d5580000, 0x00000000d6780000, 0x0000000100000000)
  eden space 5120K, 91% used [0x00000000d5580000,0x00000000d5a10480,0x00000000d5a80000)
  from space 1024K, 71% used [0x00000000d5a80000,0x00000000d5b36190,0x00000000d5b80000)
  to   space 5120K, 0% used [0x00000000d6280000,0x00000000d6280000,0x00000000d6780000)
 ParOldGen       total 87552K, used 87259K [0x0000000080000000, 0x0000000085580000, 0x00000000d5580000)
  object space 87552K, 99% used [0x0000000080000000,0x0000000085536f38,0x0000000085580000)
 Metaspace       used 83749K, committed 85312K, reserved 1179648K
  class space    used 10105K, committed 10752K, reserved 1048576K
}
Event: 1102.361 GC heap after
{Heap after GC invocations=99 (full 3):
 PSYoungGen      total 8704K, used 3344K [0x00000000d5580000, 0x00000000d6600000, 0x0000000100000000)
  eden space 5120K, 0% used [0x00000000d5580000,0x00000000d5580000,0x00000000d5a80000)
  from space 3584K, 93% used [0x00000000d6280000,0x00000000d65c4000,0x00000000d6600000)
  to   space 4096K, 0% used [0x00000000d5e00000,0x00000000d5e00000,0x00000000d6200000)
 ParOldGen       total 88064K, used 87932K [0x0000000080000000, 0x0000000085600000, 0x00000000d5580000)
  object space 88064K, 99% used [0x0000000080000000,0x00000000855df0c8,0x0000000085600000)
 Metaspace       used 83749K, committed 85312K, reserved 1179648K
  class space    used 10105K, committed 10752K, reserved 1048576K
}
Event: 1102.844 GC heap before
{Heap before GC invocations=100 (full 3):
 PSYoungGen      total 8704K, used 8464K [0x00000000d5580000, 0x00000000d6600000, 0x0000000100000000)
  eden space 5120K, 100% used [0x00000000d5580000,0x00000000d5a80000,0x00000000d5a80000)
  from space 3584K, 93% used [0x00000000d6280000,0x00000000d65c4000,0x00000000d6600000)
  to   space 4096K, 0% used [0x00000000d5e00000,0x00000000d5e00000,0x00000000d6200000)
 ParOldGen       total 88064K, used 87932K [0x0000000080000000, 0x0000000085600000, 0x00000000d5580000)
  object space 88064K, 99% used [0x0000000080000000,0x00000000855df0c8,0x0000000085600000)
 Metaspace       used 84036K, committed 85696K, reserved 1179648K
  class space    used 10121K, committed 10880K, reserved 1048576K
}
Event: 1102.849 GC heap after
{Heap after GC invocations=100 (full 3):
 PSYoungGen      total 7168K, used 1691K [0x00000000d5580000, 0x00000000d6300000, 0x0000000100000000)
  eden space 5120K, 0% used [0x00000000d5580000,0x00000000d5580000,0x00000000d5a80000)
  from space 2048K, 82% used [0x00000000d5e00000,0x00000000d5fa6db8,0x00000000d6000000)
  to   space 2560K, 0% used [0x00000000d6080000,0x00000000d6080000,0x00000000d6300000)
 ParOldGen       total 91648K, used 91180K [0x0000000080000000, 0x0000000085980000, 0x00000000d5580000)
  object space 91648K, 99% used [0x0000000080000000,0x000000008590b0c8,0x0000000085980000)
 Metaspace       used 84036K, committed 85696K, reserved 1179648K
  class space    used 10121K, committed 10880K, reserved 1048576K
}
Event: 1103.138 GC heap before
{Heap before GC invocations=101 (full 3):
 PSYoungGen      total 7168K, used 6163K [0x00000000d5580000, 0x00000000d6300000, 0x0000000100000000)
  eden space 5120K, 87% used [0x00000000d5580000,0x00000000d59de0e0,0x00000000d5a80000)
  from space 2048K, 82% used [0x00000000d5e00000,0x00000000d5fa6db8,0x00000000d6000000)
  to   space 2560K, 0% used [0x00000000d6080000,0x00000000d6080000,0x00000000d6300000)
 ParOldGen       total 91648K, used 91180K [0x0000000080000000, 0x0000000085980000, 0x00000000d5580000)
  object space 91648K, 99% used [0x0000000080000000,0x000000008590b0c8,0x0000000085980000)
 Metaspace       used 84182K, committed 85824K, reserved 1179648K
  class space    used 10122K, committed 10880K, reserved 1048576K
}
Event: 1103.141 GC heap after
{Heap after GC invocations=101 (full 3):
 PSYoungGen      total 6144K, used 628K [0x00000000d5580000, 0x00000000d6180000, 0x0000000100000000)
  eden space 5120K, 0% used [0x00000000d5580000,0x00000000d5580000,0x00000000d5a80000)
  from space 1024K, 61% used [0x00000000d6080000,0x00000000d611d068,0x00000000d6180000)
  to   space 1536K, 0% used [0x00000000d5e80000,0x00000000d5e80000,0x00000000d6000000)
 ParOldGen       total 92672K, used 92169K [0x0000000080000000, 0x0000000085a80000, 0x00000000d5580000)
  object space 92672K, 99% used [0x0000000080000000,0x0000000085a026e0,0x0000000085a80000)
 Metaspace       used 84182K, committed 85824K, reserved 1179648K
  class space    used 10122K, committed 10880K, reserved 1048576K
}
Event: 1103.239 GC heap before
{Heap before GC invocations=102 (full 3):
 PSYoungGen      total 6144K, used 5242K [0x00000000d5580000, 0x00000000d6180000, 0x0000000100000000)
  eden space 5120K, 90% used [0x00000000d5580000,0x00000000d5a01b60,0x00000000d5a80000)
  from space 1024K, 61% used [0x00000000d6080000,0x00000000d611d068,0x00000000d6180000)
  to   space 1536K, 0% used [0x00000000d5e80000,0x00000000d5e80000,0x00000000d6000000)
 ParOldGen       total 92672K, used 92169K [0x0000000080000000, 0x0000000085a80000, 0x00000000d5580000)
  object space 92672K, 99% used [0x0000000080000000,0x0000000085a026e0,0x0000000085a80000)
 Metaspace       used 84269K, committed 85888K, reserved 1179648K
  class space    used 10129K, committed 10880K, reserved 1048576K
}
Event: 1103.241 GC heap after
{Heap after GC invocations=102 (full 3):
 PSYoungGen      total 6656K, used 1517K [0x00000000d5580000, 0x00000000d6100000, 0x0000000100000000)
  eden space 5120K, 0% used [0x00000000d5580000,0x00000000d5580000,0x00000000d5a80000)
  from space 1536K, 98% used [0x00000000d5e80000,0x00000000d5ffb530,0x00000000d6000000)
  to   space 1024K, 0% used [0x00000000d6000000,0x00000000d6000000,0x00000000d6100000)
 ParOldGen       total 93184K, used 92809K [0x0000000080000000, 0x0000000085b00000, 0x00000000d5580000)
  object space 93184K, 99% used [0x0000000080000000,0x0000000085aa2738,0x0000000085b00000)
 Metaspace       used 84269K, committed 85888K, reserved 1179648K
  class space    used 10129K, committed 10880K, reserved 1048576K
}
Event: 1103.348 GC heap before
{Heap before GC invocations=103 (full 3):
 PSYoungGen      total 6656K, used 6637K [0x00000000d5580000, 0x00000000d6100000, 0x0000000100000000)
  eden space 5120K, 100% used [0x00000000d5580000,0x00000000d5a80000,0x00000000d5a80000)
  from space 1536K, 98% used [0x00000000d5e80000,0x00000000d5ffb530,0x00000000d6000000)
  to   space 1024K, 0% used [0x00000000d6000000,0x00000000d6000000,0x00000000d6100000)
 ParOldGen       total 93184K, used 92809K [0x0000000080000000, 0x0000000085b00000, 0x00000000d5580000)
  object space 93184K, 99% used [0x0000000080000000,0x0000000085aa2738,0x0000000085b00000)
 Metaspace       used 84362K, committed 86016K, reserved 1179648K
  class space    used 10140K, committed 10880K, reserved 1048576K
}
Event: 1103.351 GC heap after
{Heap after GC invocations=103 (full 3):
 PSYoungGen      total 6144K, used 768K [0x00000000d5580000, 0x00000000d6100000, 0x0000000100000000)
  eden space 5120K, 0% used [0x00000000d5580000,0x00000000d5580000,0x00000000d5a80000)
  from space 1024K, 75% used [0x00000000d6000000,0x00000000d60c0000,0x00000000d6100000)
  to   space 1536K, 0% used [0x00000000d5e00000,0x00000000d5e00000,0x00000000d5f80000)
 ParOldGen       total 95232K, used 95097K [0x0000000080000000, 0x0000000085d00000, 0x00000000d5580000)
  object space 95232K, 99% used [0x0000000080000000,0x0000000085cde660,0x0000000085d00000)
 Metaspace       used 84362K, committed 86016K, reserved 1179648K
  class space    used 10140K, committed 10880K, reserved 1048576K
}
Event: 1103.601 GC heap before
{Heap before GC invocations=104 (full 3):
 PSYoungGen      total 6144K, used 5593K [0x00000000d5580000, 0x00000000d6100000, 0x0000000100000000)
  eden space 5120K, 94% used [0x00000000d5580000,0x00000000d5a36608,0x00000000d5a80000)
  from space 1024K, 75% used [0x00000000d6000000,0x00000000d60c0000,0x00000000d6100000)
  to   space 1536K, 0% used [0x00000000d5e00000,0x00000000d5e00000,0x00000000d5f80000)
 ParOldGen       total 95232K, used 95097K [0x0000000080000000, 0x0000000085d00000, 0x00000000d5580000)
  object space 95232K, 99% used [0x0000000080000000,0x0000000085cde660,0x0000000085d00000)
 Metaspace       used 84425K, committed 86080K, reserved 1179648K
  class space    used 10142K, committed 10880K, reserved 1048576K
}
Event: 1103.604 GC heap after
{Heap after GC invocations=104 (full 3):
 PSYoungGen      total 6656K, used 955K [0x00000000d5580000, 0x00000000d6080000, 0x0000000100000000)
  eden space 5120K, 0% used [0x00000000d5580000,0x00000000d5580000,0x00000000d5a80000)
  from space 1536K, 62% used [0x00000000d5e00000,0x00000000d5eeeec0,0x00000000d5f80000)
  to   space 1024K, 0% used [0x00000000d5f80000,0x00000000d5f80000,0x00000000d6080000)
 ParOldGen       total 96256K, used 95769K [0x0000000080000000, 0x0000000085e00000, 0x00000000d5580000)
  object space 96256K, 99% used [0x0000000080000000,0x0000000085d86670,0x0000000085e00000)
 Metaspace       used 84425K, committed 86080K, reserved 1179648K
  class space    used 10142K, committed 10880K, reserved 1048576K
}
Event: 1103.756 GC heap before
{Heap before GC invocations=105 (full 3):
 PSYoungGen      total 6656K, used 6075K [0x00000000d5580000, 0x00000000d6080000, 0x0000000100000000)
  eden space 5120K, 100% used [0x00000000d5580000,0x00000000d5a80000,0x00000000d5a80000)
  from space 1536K, 62% used [0x00000000d5e00000,0x00000000d5eeeec0,0x00000000d5f80000)
  to   space 1024K, 0% used [0x00000000d5f80000,0x00000000d5f80000,0x00000000d6080000)
 ParOldGen       total 96256K, used 95769K [0x0000000080000000, 0x0000000085e00000, 0x00000000d5580000)
  object space 96256K, 99% used [0x0000000080000000,0x0000000085d86670,0x0000000085e00000)
 Metaspace       used 84598K, committed 86272K, reserved 1179648K
  class space    used 10148K, committed 10880K, reserved 1048576K
}
Event: 1103.759 GC heap after
{Heap after GC invocations=105 (full 3):
 PSYoungGen      total 6144K, used 930K [0x00000000d5580000, 0x00000000d6080000, 0x0000000100000000)
  eden space 5120K, 0% used [0x00000000d5580000,0x00000000d5580000,0x00000000d5a80000)
  from space 1024K, 90% used [0x00000000d5f80000,0x00000000d6068a48,0x00000000d6080000)
  to   space 1024K, 0% used [0x00000000d5e80000,0x00000000d5e80000,0x00000000d5f80000)
 ParOldGen       total 97792K, used 97391K [0x0000000080000000, 0x0000000085f80000, 0x00000000d5580000)
  object space 97792K, 99% used [0x0000000080000000,0x0000000085f1be88,0x0000000085f80000)
 Metaspace       used 84598K, committed 86272K, reserved 1179648K
  class space    used 10148K, committed 10880K, reserved 1048576K
}

