# JRE version: OpenJDK Runtime Environment Temurin-21.0.11+10 (21.0.11+10) (build 21.0.11+10-LTS)
# Java VM: OpenJDK 64-Bit Server VM Temurin-21.0.11+10 (21.0.11+10-LTS, mixed mode, sharing, tiered, compressed oops, compressed class ptrs, parallel gc, windows-amd64)
GC Precious Log:
 CardTable entry size: 512
 CPUs: 8 total, 8 available
 Memory: 20247M
 Large Page Support: Disabled
 NUMA Support: Disabled
 Compressed Oops: Enabled (32-bit)
 Alignments: Space 512K, Generation 512K, Heap 2M
 Heap Min Capacity: 100M
 Heap Initial Capacity: 100M
 Heap Max Capacity: 2G
 Pre-touch: Disabled
 Parallel Workers: 8
Heap:
 PSYoungGen      total 17920K, used 15427K [0x00000000d5580000, 0x00000000d6a00000, 0x0000000100000000)
  eden space 17408K, 85% used [0x00000000d5580000,0x00000000d6412bc8,0x00000000d6680000)
  from space 512K, 98% used [0x00000000d6980000,0x00000000d69fe1a8,0x00000000d6a00000)
  to   space 1024K, 0% used [0x00000000d6800000,0x00000000d6800000,0x00000000d6900000)
 ParOldGen       total 68608K, used 46119K [0x0000000080000000, 0x0000000084300000, 0x00000000d5580000)
  object space 68608K, 67% used [0x0000000080000000,0x0000000082d09c08,0x0000000084300000)
 Metaspace       used 70064K, committed 71488K, reserved 1114112K
  class space    used 8803K, committed 9408K, reserved 1048576K
GC Heap History (20 events):
Event: 22.050 GC heap before
{Heap before GC invocations=52 (full 3):
 PSYoungGen      total 18432K, used 18306K [0x00000000d5580000, 0x00000000d6900000, 0x0000000100000000)
  eden space 17920K, 100% used [0x00000000d5580000,0x00000000d6700000,0x00000000d6700000)
  from space 512K, 75% used [0x00000000d6880000,0x00000000d68e08c8,0x00000000d6900000)
  to   space 1024K, 0% used [0x00000000d6700000,0x00000000d6700000,0x00000000d6800000)
 ParOldGen       total 68608K, used 43280K [0x0000000080000000, 0x0000000084300000, 0x00000000d5580000)
  object space 68608K, 63% used [0x0000000080000000,0x0000000082a44108,0x0000000084300000)
 Metaspace       used 65174K, committed 66560K, reserved 1114112K
  class space    used 8150K, committed 8704K, reserved 1048576K
}
Event: 22.050 GC heap after
{Heap after GC invocations=52 (full 3):
 PSYoungGen      total 18944K, used 646K [0x00000000d5580000, 0x00000000d6900000, 0x0000000100000000)
  eden space 17920K, 0% used [0x00000000d5580000,0x00000000d5580000,0x00000000d6700000)
  from space 1024K, 63% used [0x00000000d6700000,0x00000000d67a1b70,0x00000000d6800000)
  to   space 1024K, 0% used [0x00000000d6800000,0x00000000d6800000,0x00000000d6900000)
 ParOldGen       total 68608K, used 43364K [0x0000000080000000, 0x0000000084300000, 0x00000000d5580000)
  object space 68608K, 63% used [0x0000000080000000,0x0000000082a591d8,0x0000000084300000)
 Metaspace       used 65174K, committed 66560K, reserved 1114112K
  class space    used 8150K, committed 8704K, reserved 1048576K
}
Event: 22.184 GC heap before
{Heap before GC invocations=53 (full 3):
 PSYoungGen      total 18944K, used 18566K [0x00000000d5580000, 0x00000000d6900000, 0x0000000100000000)
  eden space 17920K, 100% used [0x00000000d5580000,0x00000000d6700000,0x00000000d6700000)
  from space 1024K, 63% used [0x00000000d6700000,0x00000000d67a1b70,0x00000000d6800000)
  to   space 1024K, 0% used [0x00000000d6800000,0x00000000d6800000,0x00000000d6900000)
 ParOldGen       total 68608K, used 43364K [0x0000000080000000, 0x0000000084300000, 0x00000000d5580000)
  object space 68608K, 63% used [0x0000000080000000,0x0000000082a591d8,0x0000000084300000)
 Metaspace       used 65174K, committed 66560K, reserved 1114112K
  class space    used 8150K, committed 8704K, reserved 1048576K
}
Event: 22.185 GC heap after
{Heap after GC invocations=53 (full 3):
 PSYoungGen      total 18432K, used 1010K [0x00000000d5580000, 0x00000000d6a00000, 0x0000000100000000)
  eden space 17408K, 0% used [0x00000000d5580000,0x00000000d5580000,0x00000000d6680000)
  from space 1024K, 98% used [0x00000000d6800000,0x00000000d68fc808,0x00000000d6900000)
  to   space 1536K, 0% used [0x00000000d6680000,0x00000000d6680000,0x00000000d6800000)
 ParOldGen       total 68608K, used 43553K [0x0000000080000000, 0x0000000084300000, 0x00000000d5580000)
  object space 68608K, 63% used [0x0000000080000000,0x0000000082a88570,0x0000000084300000)
 Metaspace       used 65174K, committed 66560K, reserved 1114112K
  class space    used 8150K, committed 8704K, reserved 1048576K
}
Event: 22.320 GC heap before
{Heap before GC invocations=54 (full 3):
 PSYoungGen      total 18432K, used 18418K [0x00000000d5580000, 0x00000000d6a00000, 0x0000000100000000)
  eden space 17408K, 100% used [0x00000000d5580000,0x00000000d6680000,0x00000000d6680000)
  from space 1024K, 98% used [0x00000000d6800000,0x00000000d68fc808,0x00000000d6900000)
  to   space 1536K, 0% used [0x00000000d6680000,0x00000000d6680000,0x00000000d6800000)
 ParOldGen       total 68608K, used 43553K [0x0000000080000000, 0x0000000084300000, 0x00000000d5580000)
  object space 68608K, 63% used [0x0000000080000000,0x0000000082a88570,0x0000000084300000)
 Metaspace       used 65174K, committed 66560K, reserved 1114112K
  class space    used 8150K, committed 8704K, reserved 1048576K
}
Event: 22.321 GC heap after
{Heap after GC invocations=54 (full 3):
 PSYoungGen      total 18432K, used 765K [0x00000000d5580000, 0x00000000d6880000, 0x0000000100000000)
  eden space 17408K, 0% used [0x00000000d5580000,0x00000000d5580000,0x00000000d6680000)
  from space 1024K, 74% used [0x00000000d6680000,0x00000000d673f730,0x00000000d6780000)
  to   space 1024K, 0% used [0x00000000d6780000,0x00000000d6780000,0x00000000d6880000)
 ParOldGen       total 68608K, used 43593K [0x0000000080000000, 0x0000000084300000, 0x00000000d5580000)
  object space 68608K, 63% used [0x0000000080000000,0x0000000082a92570,0x0000000084300000)
 Metaspace       used 65174K, committed 66560K, reserved 1114112K
  class space    used 8150K, committed 8704K, reserved 1048576K
}
Event: 22.440 GC heap before
{Heap before GC invocations=55 (full 3):
 PSYoungGen      total 18432K, used 18173K [0x00000000d5580000, 0x00000000d6880000, 0x0000000100000000)
  eden space 17408K, 100% used [0x00000000d5580000,0x00000000d6680000,0x00000000d6680000)
  from space 1024K, 74% used [0x00000000d6680000,0x00000000d673f730,0x00000000d6780000)
  to   space 1024K, 0% used [0x00000000d6780000,0x00000000d6780000,0x00000000d6880000)
 ParOldGen       total 68608K, used 43593K [0x0000000080000000, 0x0000000084300000, 0x00000000d5580000)
  object space 68608K, 63% used [0x0000000080000000,0x0000000082a92570,0x0000000084300000)
 Metaspace       used 65174K, committed 66560K, reserved 1114112K
  class space    used 8150K, committed 8704K, reserved 1048576K
}
Event: 22.441 GC heap after
{Heap after GC invocations=55 (full 3):
 PSYoungGen      total 17920K, used 160K [0x00000000d5580000, 0x00000000d6800000, 0x0000000100000000)
  eden space 17408K, 0% used [0x00000000d5580000,0x00000000d5580000,0x00000000d6680000)
  from space 512K, 31% used [0x00000000d6780000,0x00000000d67a8000,0x00000000d6800000)
  to   space 512K, 0% used [0x00000000d6700000,0x00000000d6700000,0x00000000d6780000)
 ParOldGen       total 68608K, used 43617K [0x0000000080000000, 0x0000000084300000, 0x00000000d5580000)
  object space 68608K, 63% used [0x0000000080000000,0x0000000082a98570,0x0000000084300000)
 Metaspace       used 65174K, committed 66560K, reserved 1114112K
  class space    used 8150K, committed 8704K, reserved 1048576K
}
Event: 22.570 GC heap before
{Heap before GC invocations=56 (full 3):
 PSYoungGen      total 17920K, used 17568K [0x00000000d5580000, 0x00000000d6800000, 0x0000000100000000)
  eden space 17408K, 100% used [0x00000000d5580000,0x00000000d6680000,0x00000000d6680000)
  from space 512K, 31% used [0x00000000d6780000,0x00000000d67a8000,0x00000000d6800000)
  to   space 512K, 0% used [0x00000000d6700000,0x00000000d6700000,0x00000000d6780000)
 ParOldGen       total 68608K, used 43617K [0x0000000080000000, 0x0000000084300000, 0x00000000d5580000)
  object space 68608K, 63% used [0x0000000080000000,0x0000000082a98570,0x0000000084300000)
 Metaspace       used 65174K, committed 66560K, reserved 1114112K
  class space    used 8150K, committed 8704K, reserved 1048576K
}
Event: 22.570 GC heap after
{Heap after GC invocations=56 (full 3):
 PSYoungGen      total 17920K, used 362K [0x00000000d5580000, 0x00000000d6800000, 0x0000000100000000)
  eden space 17408K, 0% used [0x00000000d5580000,0x00000000d5580000,0x00000000d6680000)
  from space 512K, 70% used [0x00000000d6700000,0x00000000d675a800,0x00000000d6780000)
  to   space 512K, 0% used [0x00000000d6780000,0x00000000d6780000,0x00000000d6800000)
 ParOldGen       total 68608K, used 43736K [0x0000000080000000, 0x0000000084300000, 0x00000000d5580000)
  object space 68608K, 63% used [0x0000000080000000,0x0000000082ab6030,0x0000000084300000)
 Metaspace       used 65174K, committed 66560K, reserved 1114112K
  class space    used 8150K, committed 8704K, reserved 1048576K
}
Event: 22.851 GC heap before
{Heap before GC invocations=57 (full 3):
 PSYoungGen      total 17920K, used 17770K [0x00000000d5580000, 0x00000000d6800000, 0x0000000100000000)
  eden space 17408K, 100% used [0x00000000d5580000,0x00000000d6680000,0x00000000d6680000)
  from space 512K, 70% used [0x00000000d6700000,0x00000000d675a800,0x00000000d6780000)
  to   space 512K, 0% used [0x00000000d6780000,0x00000000d6780000,0x00000000d6800000)
 ParOldGen       total 68608K, used 43736K [0x0000000080000000, 0x0000000084300000, 0x00000000d5580000)
  object space 68608K, 63% used [0x0000000080000000,0x0000000082ab6030,0x0000000084300000)
 Metaspace       used 66881K, committed 68352K, reserved 1114112K
  class space    used 8414K, committed 9024K, reserved 1048576K
}
Event: 22.852 GC heap after
{Heap after GC invocations=57 (full 3):
 PSYoungGen      total 17920K, used 496K [0x00000000d5580000, 0x00000000d6880000, 0x0000000100000000)
  eden space 17408K, 0% used [0x00000000d5580000,0x00000000d5580000,0x00000000d6680000)
  from space 512K, 96% used [0x00000000d6780000,0x00000000d67fc020,0x00000000d6800000)
  to   space 1024K, 0% used [0x00000000d6680000,0x00000000d6680000,0x00000000d6780000)
 ParOldGen       total 68608K, used 43944K [0x0000000080000000, 0x0000000084300000, 0x00000000d5580000)
  object space 68608K, 64% used [0x0000000080000000,0x0000000082aea050,0x0000000084300000)
 Metaspace       used 66881K, committed 68352K, reserved 1114112K
  class space    used 8414K, committed 9024K, reserved 1048576K
}
Event: 26.752 GC heap before
{Heap before GC invocations=58 (full 3):
 PSYoungGen      total 17920K, used 17768K [0x00000000d5580000, 0x00000000d6880000, 0x0000000100000000)
  eden space 17408K, 99% used [0x00000000d5580000,0x00000000d665e090,0x00000000d6680000)
  from space 512K, 96% used [0x00000000d6780000,0x00000000d67fc020,0x00000000d6800000)
  to   space 1024K, 0% used [0x00000000d6680000,0x00000000d6680000,0x00000000d6780000)
 ParOldGen       total 68608K, used 43944K [0x0000000080000000, 0x0000000084300000, 0x00000000d5580000)
  object space 68608K, 64% used [0x0000000080000000,0x0000000082aea050,0x0000000084300000)
 Metaspace       used 68573K, committed 70016K, reserved 1114112K
  class space    used 8630K, committed 9216K, reserved 1048576K
}
Event: 26.754 GC heap after
{Heap after GC invocations=58 (full 3):
 PSYoungGen      total 18432K, used 1008K [0x00000000d5580000, 0x00000000d6c80000, 0x0000000100000000)
  eden space 17408K, 0% used [0x00000000d5580000,0x00000000d5580000,0x00000000d6680000)
  from space 1024K, 98% used [0x00000000d6680000,0x00000000d677c060,0x00000000d6780000)
  to   space 3072K, 0% used [0x00000000d6980000,0x00000000d6980000,0x00000000d6c80000)
 ParOldGen       total 68608K, used 45375K [0x0000000080000000, 0x0000000084300000, 0x00000000d5580000)
  object space 68608K, 66% used [0x0000000080000000,0x0000000082c4fe50,0x0000000084300000)
 Metaspace       used 68573K, committed 70016K, reserved 1114112K
  class space    used 8630K, committed 9216K, reserved 1048576K
}
Event: 27.529 GC heap before
{Heap before GC invocations=59 (full 3):
 PSYoungGen      total 18432K, used 18416K [0x00000000d5580000, 0x00000000d6c80000, 0x0000000100000000)
  eden space 17408K, 100% used [0x00000000d5580000,0x00000000d6680000,0x00000000d6680000)
  from space 1024K, 98% used [0x00000000d6680000,0x00000000d677c060,0x00000000d6780000)
  to   space 3072K, 0% used [0x00000000d6980000,0x00000000d6980000,0x00000000d6c80000)
 ParOldGen       total 68608K, used 45375K [0x0000000080000000, 0x0000000084300000, 0x00000000d5580000)
  object space 68608K, 66% used [0x0000000080000000,0x0000000082c4fe50,0x0000000084300000)
 Metaspace       used 68957K, committed 70400K, reserved 1114112K
  class space    used 8685K, committed 9280K, reserved 1048576K
}
Event: 27.530 GC heap after
{Heap after GC invocations=59 (full 3):
 PSYoungGen      total 17920K, used 256K [0x00000000d5580000, 0x00000000d6a00000, 0x0000000100000000)
  eden space 17408K, 0% used [0x00000000d5580000,0x00000000d5580000,0x00000000d6680000)
  from space 512K, 50% used [0x00000000d6980000,0x00000000d69c0000,0x00000000d6a00000)
  to   space 1536K, 0% used [0x00000000d6700000,0x00000000d6700000,0x00000000d6880000)
 ParOldGen       total 68608K, used 45935K [0x0000000080000000, 0x0000000084300000, 0x00000000d5580000)
  object space 68608K, 66% used [0x0000000080000000,0x0000000082cdbc08,0x0000000084300000)
 Metaspace       used 68957K, committed 70400K, reserved 1114112K
  class space    used 8685K, committed 9280K, reserved 1048576K
}
Event: 27.921 GC heap before
{Heap before GC invocations=60 (full 3):
 PSYoungGen      total 17920K, used 17664K [0x00000000d5580000, 0x00000000d6a00000, 0x0000000100000000)
  eden space 17408K, 100% used [0x00000000d5580000,0x00000000d6680000,0x00000000d6680000)
  from space 512K, 50% used [0x00000000d6980000,0x00000000d69c0000,0x00000000d6a00000)
  to   space 1536K, 0% used [0x00000000d6700000,0x00000000d6700000,0x00000000d6880000)
 ParOldGen       total 68608K, used 45935K [0x0000000080000000, 0x0000000084300000, 0x00000000d5580000)
  object space 68608K, 66% used [0x0000000080000000,0x0000000082cdbc08,0x0000000084300000)
 Metaspace       used 68961K, committed 70400K, reserved 1114112K
  class space    used 8685K, committed 9280K, reserved 1048576K
}
Event: 27.922 GC heap after
{Heap after GC invocations=60 (full 3):
 PSYoungGen      total 18944K, used 160K [0x00000000d5580000, 0x00000000d6a00000, 0x0000000100000000)
  eden space 17408K, 0% used [0x00000000d5580000,0x00000000d5580000,0x00000000d6680000)
  from space 1536K, 10% used [0x00000000d6700000,0x00000000d6728000,0x00000000d6880000)
  to   space 512K, 0% used [0x00000000d6980000,0x00000000d6980000,0x00000000d6a00000)
 ParOldGen       total 68608K, used 46071K [0x0000000080000000, 0x0000000084300000, 0x00000000d5580000)
  object space 68608K, 67% used [0x0000000080000000,0x0000000082cfdc08,0x0000000084300000)
 Metaspace       used 68961K, committed 70400K, reserved 1114112K
  class space    used 8685K, committed 9280K, reserved 1048576K
}
Event: 28.203 GC heap before
{Heap before GC invocations=61 (full 3):
 PSYoungGen      total 18944K, used 17568K [0x00000000d5580000, 0x00000000d6a00000, 0x0000000100000000)
  eden space 17408K, 100% used [0x00000000d5580000,0x00000000d6680000,0x00000000d6680000)
  from space 1536K, 10% used [0x00000000d6700000,0x00000000d6728000,0x00000000d6880000)
  to   space 512K, 0% used [0x00000000d6980000,0x00000000d6980000,0x00000000d6a00000)
 ParOldGen       total 68608K, used 46071K [0x0000000080000000, 0x0000000084300000, 0x00000000d5580000)
  object space 68608K, 67% used [0x0000000080000000,0x0000000082cfdc08,0x0000000084300000)
 Metaspace       used 69565K, committed 71104K, reserved 1114112K
  class space    used 8758K, committed 9408K, reserved 1048576K
}
Event: 28.204 GC heap after
{Heap after GC invocations=61 (full 3):
 PSYoungGen      total 17920K, used 504K [0x00000000d5580000, 0x00000000d6a00000, 0x0000000100000000)
  eden space 17408K, 0% used [0x00000000d5580000,0x00000000d5580000,0x00000000d6680000)
  from space 512K, 98% used [0x00000000d6980000,0x00000000d69fe1a8,0x00000000d6a00000)
  to   space 1024K, 0% used [0x00000000d6800000,0x00000000d6800000,0x00000000d6900000)
 ParOldGen       total 68608K, used 46119K [0x0000000080000000, 0x0000000084300000, 0x00000000d5580000)
  object space 68608K, 67% used [0x0000000080000000,0x0000000082d09c08,0x0000000084300000)
 Metaspace       used 69565K, committed 71104K, reserved 1114112K
  class space    used 8758K, committed 9408K, reserved 1048576K
}

