# JRE version: Java(TM) SE Runtime Environment (17.0.7+8) (build 17.0.7+8-LTS-224)
# Java VM: Java HotSpot(TM) 64-Bit Server VM (17.0.7+8-LTS-224, mixed mode, sharing, tiered, compressed oops, compressed class ptrs, g1 gc, windows-amd64)
GC Precious Log:
 CPUs: 8 total, 8 available
 Memory: 20247M
 Large Page Support: Disabled
 NUMA Support: Disabled
 Compressed Oops: Enabled (32-bit)
 Heap Region Size: 1M
 Heap Min Capacity: 8M
 Heap Initial Capacity: 318M
 Heap Max Capacity: 1536M
 Pre-touch: Disabled
 Parallel Workers: 8
 Concurrent Workers: 2
 Concurrent Refinement Workers: 8
 Periodic GC: Disabled
Heap:
 garbage-first heap   total 86016K, used 52582K [0x00000000a0000000, 0x0000000100000000)
  region size 1024K, 17 young (17408K), 5 survivors (5120K)
 Metaspace       used 45351K, committed 45952K, reserved 1089536K
  class space    used 6202K, committed 6464K, reserved 1048576K
GC Heap History (20 events):
Event: 2.797 GC heap before
{Heap before GC invocations=2 (full 0):
 garbage-first heap   total 325632K, used 60606K [0x00000000a0000000, 0x0000000100000000)
  region size 1024K, 51 young (52224K), 5 survivors (5120K)
 Metaspace       used 4696K, committed 4928K, reserved 1056768K
  class space    used 596K, committed 704K, reserved 1048576K
}
Event: 2.802 GC heap after
{Heap after GC invocations=3 (full 0):
 garbage-first heap   total 325632K, used 16540K [0x00000000a0000000, 0x0000000100000000)
  region size 1024K, 5 young (5120K), 5 survivors (5120K)
 Metaspace       used 4696K, committed 4928K, reserved 1056768K
  class space    used 596K, committed 704K, reserved 1048576K
}
Event: 6.850 GC heap before
{Heap before GC invocations=3 (full 0):
 garbage-first heap   total 325632K, used 124060K [0x00000000a0000000, 0x0000000100000000)
  region size 1024K, 111 young (113664K), 5 survivors (5120K)
 Metaspace       used 21157K, committed 21504K, reserved 1073152K
  class space    used 3092K, committed 3264K, reserved 1048576K
}
Event: 6.861 GC heap after
{Heap after GC invocations=4 (full 0):
 garbage-first heap   total 325632K, used 24139K [0x00000000a0000000, 0x0000000100000000)
  region size 1024K, 12 young (12288K), 12 survivors (12288K)
 Metaspace       used 21157K, committed 21504K, reserved 1073152K
  class space    used 3092K, committed 3264K, reserved 1048576K
}
Event: 8.071 GC heap before
{Heap before GC invocations=5 (full 0):
 garbage-first heap   total 86016K, used 62027K [0x00000000a0000000, 0x0000000100000000)
  region size 1024K, 50 young (51200K), 12 survivors (12288K)
 Metaspace       used 26148K, committed 26624K, reserved 1073152K
  class space    used 3806K, committed 4032K, reserved 1048576K
}
Event: 8.078 GC heap after
{Heap after GC invocations=6 (full 0):
 garbage-first heap   total 86016K, used 27488K [0x00000000a0000000, 0x0000000100000000)
  region size 1024K, 4 young (4096K), 4 survivors (4096K)
 Metaspace       used 26148K, committed 26624K, reserved 1073152K
  class space    used 3806K, committed 4032K, reserved 1048576K
}
Event: 8.099 GC heap before
{Heap before GC invocations=6 (full 0):
 garbage-first heap   total 86016K, used 27488K [0x00000000a0000000, 0x0000000100000000)
  region size 1024K, 5 young (5120K), 4 survivors (4096K)
 Metaspace       used 26219K, committed 26688K, reserved 1073152K
  class space    used 3820K, committed 4032K, reserved 1048576K
}
Event: 8.102 GC heap after
{Heap after GC invocations=7 (full 0):
 garbage-first heap   total 86016K, used 27709K [0x00000000a0000000, 0x0000000100000000)
  region size 1024K, 1 young (1024K), 1 survivors (1024K)
 Metaspace       used 26219K, committed 26688K, reserved 1073152K
  class space    used 3820K, committed 4032K, reserved 1048576K
}
Event: 9.118 GC heap before
{Heap before GC invocations=7 (full 0):
 garbage-first heap   total 86016K, used 60477K [0x00000000a0000000, 0x0000000100000000)
  region size 1024K, 34 young (34816K), 1 survivors (1024K)
 Metaspace       used 31888K, committed 32320K, reserved 1081344K
  class space    used 4530K, committed 4736K, reserved 1048576K
}
Event: 9.122 GC heap after
{Heap after GC invocations=8 (full 0):
 garbage-first heap   total 86016K, used 29787K [0x00000000a0000000, 0x0000000100000000)
  region size 1024K, 3 young (3072K), 3 survivors (3072K)
 Metaspace       used 31888K, committed 32320K, reserved 1081344K
  class space    used 4530K, committed 4736K, reserved 1048576K
}
Event: 9.736 GC heap before
{Heap before GC invocations=8 (full 0):
 garbage-first heap   total 86016K, used 62555K [0x00000000a0000000, 0x0000000100000000)
  region size 1024K, 36 young (36864K), 3 survivors (3072K)
 Metaspace       used 34353K, committed 34880K, reserved 1081344K
  class space    used 4818K, committed 5120K, reserved 1048576K
}
Event: 9.741 GC heap after
{Heap after GC invocations=9 (full 0):
 garbage-first heap   total 86016K, used 33287K [0x00000000a0000000, 0x0000000100000000)
  region size 1024K, 4 young (4096K), 4 survivors (4096K)
 Metaspace       used 34353K, committed 34880K, reserved 1081344K
  class space    used 4818K, committed 5120K, reserved 1048576K
}
Event: 9.983 GC heap before
{Heap before GC invocations=9 (full 0):
 garbage-first heap   total 86016K, used 44551K [0x00000000a0000000, 0x0000000100000000)
  region size 1024K, 12 young (12288K), 4 survivors (4096K)
 Metaspace       used 35521K, committed 35968K, reserved 1081344K
  class space    used 4891K, committed 5120K, reserved 1048576K
}
Event: 9.986 GC heap after
{Heap after GC invocations=10 (full 0):
 garbage-first heap   total 86016K, used 33709K [0x00000000a0000000, 0x0000000100000000)
  region size 1024K, 2 young (2048K), 2 survivors (2048K)
 Metaspace       used 35521K, committed 35968K, reserved 1081344K
  class space    used 4891K, committed 5120K, reserved 1048576K
}
Event: 11.006 GC heap before
{Heap before GC invocations=11 (full 0):
 garbage-first heap   total 86016K, used 64429K [0x00000000a0000000, 0x0000000100000000)
  region size 1024K, 32 young (32768K), 2 survivors (2048K)
 Metaspace       used 38252K, committed 38784K, reserved 1089536K
  class space    used 5282K, committed 5504K, reserved 1048576K
}
Event: 11.010 GC heap after
{Heap after GC invocations=12 (full 0):
 garbage-first heap   total 86016K, used 36076K [0x00000000a0000000, 0x0000000100000000)
  region size 1024K, 4 young (4096K), 4 survivors (4096K)
 Metaspace       used 38252K, committed 38784K, reserved 1089536K
  class space    used 5282K, committed 5504K, reserved 1048576K
}
Event: 11.697 GC heap before
{Heap before GC invocations=12 (full 0):
 garbage-first heap   total 86016K, used 65772K [0x00000000a0000000, 0x0000000100000000)
  region size 1024K, 34 young (34816K), 4 survivors (4096K)
 Metaspace       used 41931K, committed 42432K, reserved 1089536K
  class space    used 5771K, committed 6016K, reserved 1048576K
}
Event: 11.702 GC heap after
{Heap after GC invocations=13 (full 0):
 garbage-first heap   total 86016K, used 38336K [0x00000000a0000000, 0x0000000100000000)
  region size 1024K, 5 young (5120K), 5 survivors (5120K)
 Metaspace       used 41931K, committed 42432K, reserved 1089536K
  class space    used 5771K, committed 6016K, reserved 1048576K
}
Event: 12.490 GC heap before
{Heap before GC invocations=13 (full 0):
 garbage-first heap   total 86016K, used 68032K [0x00000000a0000000, 0x0000000100000000)
  region size 1024K, 34 young (34816K), 5 survivors (5120K)
 Metaspace       used 44301K, committed 44864K, reserved 1089536K
  class space    used 6118K, committed 6400K, reserved 1048576K
}
Event: 12.495 GC heap after
{Heap after GC invocations=14 (full 0):
 garbage-first heap   total 86016K, used 40294K [0x00000000a0000000, 0x0000000100000000)
  region size 1024K, 5 young (5120K), 5 survivors (5120K)
 Metaspace       used 44301K, committed 44864K, reserved 1089536K
  class space    used 6118K, committed 6400K, reserved 1048576K
}

