# JRE version: Java(TM) SE Runtime Environment (17.0.7+8) (build 17.0.7+8-LTS-224)
# Java VM: Java HotSpot(TM) 64-Bit Server VM (17.0.7+8-LTS-224, mixed mode, sharing, tiered, compressed oops, compressed class ptrs, g1 gc, windows-amd64)
GC Precious Log:
 CPUs: 8 total, 8 available
 Memory: 20247M
 Large Page Support: Disabled
 NUMA Support: Disabled
 Compressed Oops: Enabled (32-bit)
 Heap Region Size: 1M
 Heap Min Capacity: 8M
 Heap Initial Capacity: 318M
 Heap Max Capacity: 1536M
 Pre-touch: Disabled
 Parallel Workers: 8
 Concurrent Workers: 2
 Concurrent Refinement Workers: 8
 Periodic GC: Disabled
Heap:
 garbage-first heap   total 140288K, used 104818K [0x00000000a0000000, 0x0000000100000000)
  region size 1024K, 27 young (27648K), 1 survivors (1024K)
 Metaspace       used 66988K, committed 67776K, reserved 1114112K
  class space    used 9069K, committed 9472K, reserved 1048576K
GC Heap History (20 events):
Event: 167540.418 GC heap before
{Heap before GC invocations=64 (full 0):
 garbage-first heap   total 133120K, used 73309K [0x00000000a0000000, 0x0000000100000000)
  region size 1024K, 6 young (6144K), 3 survivors (3072K)
 Metaspace       used 62197K, committed 62848K, reserved 1105920K
  class space    used 8473K, committed 8768K, reserved 1048576K
}
Event: 167540.422 GC heap after
{Heap after GC invocations=65 (full 0):
 garbage-first heap   total 133120K, used 69666K [0x00000000a0000000, 0x0000000100000000)
  region size 1024K, 1 young (1024K), 1 survivors (1024K)
 Metaspace       used 62197K, committed 62848K, reserved 1105920K
  class space    used 8473K, committed 8768K, reserved 1048576K
}
Event: 167541.741 GC heap before
{Heap before GC invocations=65 (full 0):
 garbage-first heap   total 133120K, used 111650K [0x00000000a0000000, 0x0000000100000000)
  region size 1024K, 43 young (44032K), 1 survivors (1024K)
 Metaspace       used 64226K, committed 64832K, reserved 1105920K
  class space    used 8738K, committed 9024K, reserved 1048576K
}
Event: 167541.744 GC heap after
{Heap after GC invocations=66 (full 0):
 garbage-first heap   total 133120K, used 71141K [0x00000000a0000000, 0x0000000100000000)
  region size 1024K, 2 young (2048K), 2 survivors (2048K)
 Metaspace       used 64226K, committed 64832K, reserved 1105920K
  class space    used 8738K, committed 9024K, reserved 1048576K
}
Event: 167542.343 GC heap before
{Heap before GC invocations=67 (full 0):
 garbage-first heap   total 133120K, used 113125K [0x00000000a0000000, 0x0000000100000000)
  region size 1024K, 43 young (44032K), 2 survivors (2048K)
 Metaspace       used 64513K, committed 65088K, reserved 1105920K
  class space    used 8782K, committed 9024K, reserved 1048576K
}
Event: 167542.349 GC heap after
{Heap after GC invocations=68 (full 0):
 garbage-first heap   total 133120K, used 74173K [0x00000000a0000000, 0x0000000100000000)
  region size 1024K, 5 young (5120K), 5 survivors (5120K)
 Metaspace       used 64513K, committed 65088K, reserved 1105920K
  class space    used 8782K, committed 9024K, reserved 1048576K
}
Event: 167542.370 GC heap before
{Heap before GC invocations=68 (full 0):
 garbage-first heap   total 133120K, used 75197K [0x00000000a0000000, 0x0000000100000000)
  region size 1024K, 6 young (6144K), 5 survivors (5120K)
 Metaspace       used 64513K, committed 65088K, reserved 1105920K
  class space    used 8782K, committed 9024K, reserved 1048576K
}
Event: 167542.375 GC heap after
{Heap after GC invocations=69 (full 0):
 garbage-first heap   total 133120K, used 74507K [0x00000000a0000000, 0x0000000100000000)
  region size 1024K, 1 young (1024K), 1 survivors (1024K)
 Metaspace       used 64513K, committed 65088K, reserved 1105920K
  class space    used 8782K, committed 9024K, reserved 1048576K
}
Event: 167544.653 GC heap before
{Heap before GC invocations=69 (full 0):
 garbage-first heap   total 133120K, used 112395K [0x00000000a0000000, 0x0000000100000000)
  region size 1024K, 39 young (39936K), 1 survivors (1024K)
 Metaspace       used 65739K, committed 66368K, reserved 1114112K
  class space    used 8962K, committed 9216K, reserved 1048576K
}
Event: 167544.656 GC heap after
{Heap after GC invocations=70 (full 0):
 garbage-first heap   total 133120K, used 75292K [0x00000000a0000000, 0x0000000100000000)
  region size 1024K, 2 young (2048K), 2 survivors (2048K)
 Metaspace       used 65739K, committed 66368K, reserved 1114112K
  class space    used 8962K, committed 9216K, reserved 1048576K
}
Event: 167546.513 GC heap before
{Heap before GC invocations=71 (full 0):
 garbage-first heap   total 133120K, used 112156K [0x00000000a0000000, 0x0000000100000000)
  region size 1024K, 39 young (39936K), 2 survivors (2048K)
 Metaspace       used 66477K, committed 67264K, reserved 1114112K
  class space    used 9026K, committed 9408K, reserved 1048576K
}
Event: 167546.519 GC heap after
{Heap after GC invocations=72 (full 0):
 garbage-first heap   total 133120K, used 79462K [0x00000000a0000000, 0x0000000100000000)
  region size 1024K, 5 young (5120K), 5 survivors (5120K)
 Metaspace       used 66477K, committed 67264K, reserved 1114112K
  class space    used 9026K, committed 9408K, reserved 1048576K
}
Event: 167546.557 GC heap before
{Heap before GC invocations=72 (full 0):
 garbage-first heap   total 133120K, used 80486K [0x00000000a0000000, 0x0000000100000000)
  region size 1024K, 6 young (6144K), 5 survivors (5120K)
 Metaspace       used 66478K, committed 67264K, reserved 1114112K
  class space    used 9026K, committed 9408K, reserved 1048576K
}
Event: 167546.564 GC heap after
{Heap after GC invocations=73 (full 0):
 garbage-first heap   total 133120K, used 79344K [0x00000000a0000000, 0x0000000100000000)
  region size 1024K, 1 young (1024K), 1 survivors (1024K)
 Metaspace       used 66478K, committed 67264K, reserved 1114112K
  class space    used 9026K, committed 9408K, reserved 1048576K
}
Event: 167547.112 GC heap before
{Heap before GC invocations=73 (full 0):
 garbage-first heap   total 133120K, used 112112K [0x00000000a0000000, 0x0000000100000000)
  region size 1024K, 33 young (33792K), 1 survivors (1024K)
 Metaspace       used 66749K, committed 67520K, reserved 1114112K
  class space    used 9041K, committed 9408K, reserved 1048576K
}
Event: 167547.115 GC heap after
{Heap after GC invocations=74 (full 0):
 garbage-first heap   total 133120K, used 81281K [0x00000000a0000000, 0x0000000100000000)
  region size 1024K, 3 young (3072K), 3 survivors (3072K)
 Metaspace       used 66749K, committed 67520K, reserved 1114112K
  class space    used 9041K, committed 9408K, reserved 1048576K
}
Event: 167550.051 GC heap before
{Heap before GC invocations=75 (full 0):
 garbage-first heap   total 140288K, used 110977K [0x00000000a0000000, 0x0000000100000000)
  region size 1024K, 33 young (33792K), 3 survivors (3072K)
 Metaspace       used 66799K, committed 67584K, reserved 1114112K
  class space    used 9046K, committed 9408K, reserved 1048576K
}
Event: 167550.054 GC heap after
{Heap after GC invocations=76 (full 0):
 garbage-first heap   total 140288K, used 80530K [0x00000000a0000000, 0x0000000100000000)
  region size 1024K, 2 young (2048K), 2 survivors (2048K)
 Metaspace       used 66799K, committed 67584K, reserved 1114112K
  class space    used 9046K, committed 9408K, reserved 1048576K
}
Event: 167550.444 GC heap before
{Heap before GC invocations=76 (full 0):
 garbage-first heap   total 140288K, used 83602K [0x00000000a0000000, 0x0000000100000000)
  region size 1024K, 6 young (6144K), 2 survivors (2048K)
 Metaspace       used 66826K, committed 67584K, reserved 1114112K
  class space    used 9049K, committed 9408K, reserved 1048576K
}
Event: 167550.448 GC heap after
{Heap after GC invocations=77 (full 0):
 garbage-first heap   total 140288K, used 79218K [0x00000000a0000000, 0x0000000100000000)
  region size 1024K, 1 young (1024K), 1 survivors (1024K)
 Metaspace       used 66826K, committed 67584K, reserved 1114112K
  class space    used 9049K, committed 9408K, reserved 1048576K
}

