# JRE version: OpenJDK Runtime Environment Temurin-21.0.11+10 (21.0.11+10) (build 21.0.11+10-LTS)
# Java VM: OpenJDK 64-Bit Server VM Temurin-21.0.11+10 (21.0.11+10-LTS, mixed mode, sharing, tiered, compressed oops, compressed class ptrs, parallel gc, windows-amd64)
GC Precious Log:
 CardTable entry size: 512
 CPUs: 8 total, 8 available
 Memory: 20247M
 Large Page Support: Disabled
 NUMA Support: Disabled
 Compressed Oops: Enabled (32-bit)
 Alignments: Space 512K, Generation 512K, Heap 2M
 Heap Min Capacity: 100M
 Heap Initial Capacity: 100M
 Heap Max Capacity: 2G
 Pre-touch: Disabled
 Parallel Workers: 8
Heap:
 PSYoungGen      total 17408K, used 13203K [0x00000000d5580000, 0x00000000d6880000, 0x0000000100000000)
  eden space 15360K, 85% used [0x00000000d5580000,0x00000000d6264c98,0x00000000d6480000)
  from space 2048K, 0% used [0x00000000d6500000,0x00000000d6500000,0x00000000d6700000)
  to   space 1536K, 0% used [0x00000000d6700000,0x00000000d6700000,0x00000000d6880000)
 ParOldGen       total 68608K, used 52102K [0x0000000080000000, 0x0000000084300000, 0x00000000d5580000)
  object space 68608K, 75% used [0x0000000080000000,0x00000000832e1af0,0x0000000084300000)
 Metaspace       used 59802K, committed 61120K, reserved 1114112K
  class space    used 6696K, committed 7296K, reserved 1048576K
GC Heap History (20 events):
Event: 14.122 GC heap before
{Heap before GC invocations=31 (full 2):
 PSYoungGen      total 16896K, used 16474K [0x00000000d5580000, 0x00000000d6b00000, 0x0000000100000000)
  eden space 15360K, 100% used [0x00000000d5580000,0x00000000d6480000,0x00000000d6480000)
  from space 1536K, 72% used [0x00000000d6980000,0x00000000d6a96830,0x00000000d6b00000)
  to   space 2048K, 0% used [0x00000000d6700000,0x00000000d6700000,0x00000000d6900000)
 ParOldGen       total 68608K, used 45902K [0x0000000080000000, 0x0000000084300000, 0x00000000d5580000)
  object space 68608K, 66% used [0x0000000080000000,0x0000000082cd3b18,0x0000000084300000)
 Metaspace       used 51474K, committed 52736K, reserved 1114112K
  class space    used 5708K, committed 6272K, reserved 1048576K
}
Event: 14.126 GC heap after
{Heap after GC invocations=31 (full 2):
 PSYoungGen      total 17408K, used 832K [0x00000000d5580000, 0x00000000d6a00000, 0x0000000100000000)
  eden space 15360K, 0% used [0x00000000d5580000,0x00000000d5580000,0x00000000d6480000)
  from space 2048K, 40% used [0x00000000d6700000,0x00000000d67d0030,0x00000000d6900000)
  to   space 1024K, 0% used [0x00000000d6900000,0x00000000d6900000,0x00000000d6a00000)
 ParOldGen       total 68608K, used 46728K [0x0000000080000000, 0x0000000084300000, 0x00000000d5580000)
  object space 68608K, 68% used [0x0000000080000000,0x0000000082da21b0,0x0000000084300000)
 Metaspace       used 51474K, committed 52736K, reserved 1114112K
  class space    used 5708K, committed 6272K, reserved 1048576K
}
Event: 14.438 GC heap before
{Heap before GC invocations=32 (full 2):
 PSYoungGen      total 17408K, used 16150K [0x00000000d5580000, 0x00000000d6a00000, 0x0000000100000000)
  eden space 15360K, 99% used [0x00000000d5580000,0x00000000d6475998,0x00000000d6480000)
  from space 2048K, 40% used [0x00000000d6700000,0x00000000d67d0030,0x00000000d6900000)
  to   space 1024K, 0% used [0x00000000d6900000,0x00000000d6900000,0x00000000d6a00000)
 ParOldGen       total 68608K, used 46728K [0x0000000080000000, 0x0000000084300000, 0x00000000d5580000)
  object space 68608K, 68% used [0x0000000080000000,0x0000000082da21b0,0x0000000084300000)
 Metaspace       used 52618K, committed 53888K, reserved 1114112K
  class space    used 5887K, committed 6464K, reserved 1048576K
}
Event: 14.442 GC heap after
{Heap after GC invocations=32 (full 2):
 PSYoungGen      total 16384K, used 640K [0x00000000d5580000, 0x00000000d6a00000, 0x0000000100000000)
  eden space 15360K, 0% used [0x00000000d5580000,0x00000000d5580000,0x00000000d6480000)
  from space 1024K, 62% used [0x00000000d6900000,0x00000000d69a0000,0x00000000d6a00000)
  to   space 1024K, 0% used [0x00000000d6800000,0x00000000d6800000,0x00000000d6900000)
 ParOldGen       total 68608K, used 47348K [0x0000000080000000, 0x0000000084300000, 0x00000000d5580000)
  object space 68608K, 69% used [0x0000000080000000,0x0000000082e3d3d0,0x0000000084300000)
 Metaspace       used 52618K, committed 53888K, reserved 1114112K
  class space    used 5887K, committed 6464K, reserved 1048576K
}
Event: 14.681 GC heap before
{Heap before GC invocations=33 (full 2):
 PSYoungGen      total 16384K, used 16000K [0x00000000d5580000, 0x00000000d6a00000, 0x0000000100000000)
  eden space 15360K, 100% used [0x00000000d5580000,0x00000000d6480000,0x00000000d6480000)
  from space 1024K, 62% used [0x00000000d6900000,0x00000000d69a0000,0x00000000d6a00000)
  to   space 1024K, 0% used [0x00000000d6800000,0x00000000d6800000,0x00000000d6900000)
 ParOldGen       total 68608K, used 47352K [0x0000000080000000, 0x0000000084300000, 0x00000000d5580000)
  object space 68608K, 69% used [0x0000000080000000,0x0000000082e3e3e0,0x0000000084300000)
 Metaspace       used 54213K, committed 55552K, reserved 1114112K
  class space    used 6110K, committed 6720K, reserved 1048576K
}
Event: 14.684 GC heap after
{Heap after GC invocations=33 (full 2):
 PSYoungGen      total 16384K, used 832K [0x00000000d5580000, 0x00000000d6980000, 0x0000000100000000)
  eden space 15360K, 0% used [0x00000000d5580000,0x00000000d5580000,0x00000000d6480000)
  from space 1024K, 81% used [0x00000000d6800000,0x00000000d68d0000,0x00000000d6900000)
  to   space 512K, 0% used [0x00000000d6900000,0x00000000d6900000,0x00000000d6980000)
 ParOldGen       total 68608K, used 47768K [0x0000000080000000, 0x0000000084300000, 0x00000000d5580000)
  object space 68608K, 69% used [0x0000000080000000,0x0000000082ea63e0,0x0000000084300000)
 Metaspace       used 54213K, committed 55552K, reserved 1114112K
  class space    used 6110K, committed 6720K, reserved 1048576K
}
Event: 14.975 GC heap before
{Heap before GC invocations=34 (full 2):
 PSYoungGen      total 16384K, used 16191K [0x00000000d5580000, 0x00000000d6980000, 0x0000000100000000)
  eden space 15360K, 99% used [0x00000000d5580000,0x00000000d647fff8,0x00000000d6480000)
  from space 1024K, 81% used [0x00000000d6800000,0x00000000d68d0000,0x00000000d6900000)
  to   space 512K, 0% used [0x00000000d6900000,0x00000000d6900000,0x00000000d6980000)
 ParOldGen       total 68608K, used 47773K [0x0000000080000000, 0x0000000084300000, 0x00000000d5580000)
  object space 68608K, 69% used [0x0000000080000000,0x0000000082ea7690,0x0000000084300000)
 Metaspace       used 55676K, committed 56960K, reserved 1114112K
  class space    used 6288K, committed 6848K, reserved 1048576K
}
Event: 14.984 GC heap after
{Heap after GC invocations=34 (full 2):
 PSYoungGen      total 15872K, used 482K [0x00000000d5580000, 0x00000000d6b80000, 0x0000000100000000)
  eden space 15360K, 0% used [0x00000000d5580000,0x00000000d5580000,0x00000000d6480000)
  from space 512K, 94% used [0x00000000d6900000,0x00000000d6978a48,0x00000000d6980000)
  to   space 3584K, 0% used [0x00000000d6480000,0x00000000d6480000,0x00000000d6800000)
 ParOldGen       total 68608K, used 50380K [0x0000000080000000, 0x0000000084300000, 0x00000000d5580000)
  object space 68608K, 73% used [0x0000000080000000,0x0000000083133300,0x0000000084300000)
 Metaspace       used 55676K, committed 56960K, reserved 1114112K
  class space    used 6288K, committed 6848K, reserved 1048576K
}
Event: 15.288 GC heap before
{Heap before GC invocations=35 (full 2):
 PSYoungGen      total 15872K, used 15842K [0x00000000d5580000, 0x00000000d6b80000, 0x0000000100000000)
  eden space 15360K, 100% used [0x00000000d5580000,0x00000000d6480000,0x00000000d6480000)
  from space 512K, 94% used [0x00000000d6900000,0x00000000d6978a48,0x00000000d6980000)
  to   space 3584K, 0% used [0x00000000d6480000,0x00000000d6480000,0x00000000d6800000)
 ParOldGen       total 68608K, used 50380K [0x0000000080000000, 0x0000000084300000, 0x00000000d5580000)
  object space 68608K, 73% used [0x0000000080000000,0x0000000083133300,0x0000000084300000)
 Metaspace       used 56527K, committed 57792K, reserved 1114112K
  class space    used 6380K, committed 6976K, reserved 1048576K
}
Event: 15.296 GC heap after
{Heap after GC invocations=35 (full 2):
 PSYoungGen      total 17920K, used 2278K [0x00000000d5580000, 0x00000000d6980000, 0x0000000100000000)
  eden space 15360K, 0% used [0x00000000d5580000,0x00000000d5580000,0x00000000d6480000)
  from space 2560K, 89% used [0x00000000d6480000,0x00000000d66b9b60,0x00000000d6700000)
  to   space 2560K, 0% used [0x00000000d6700000,0x00000000d6700000,0x00000000d6980000)
 ParOldGen       total 68608K, used 50866K [0x0000000080000000, 0x0000000084300000, 0x00000000d5580000)
  object space 68608K, 74% used [0x0000000080000000,0x00000000831acbb0,0x0000000084300000)
 Metaspace       used 56527K, committed 57792K, reserved 1114112K
  class space    used 6380K, committed 6976K, reserved 1048576K
}
Event: 15.519 GC heap before
{Heap before GC invocations=36 (full 2):
 PSYoungGen      total 17920K, used 17630K [0x00000000d5580000, 0x00000000d6980000, 0x0000000100000000)
  eden space 15360K, 99% used [0x00000000d5580000,0x00000000d647dde8,0x00000000d6480000)
  from space 2560K, 89% used [0x00000000d6480000,0x00000000d66b9b60,0x00000000d6700000)
  to   space 2560K, 0% used [0x00000000d6700000,0x00000000d6700000,0x00000000d6980000)
 ParOldGen       total 68608K, used 50866K [0x0000000080000000, 0x0000000084300000, 0x00000000d5580000)
  object space 68608K, 74% used [0x0000000080000000,0x00000000831acbb0,0x0000000084300000)
 Metaspace       used 57832K, committed 59136K, reserved 1114112K
  class space    used 6524K, committed 7104K, reserved 1048576K
}
Event: 15.525 GC heap after
{Heap after GC invocations=36 (full 2):
 PSYoungGen      total 16384K, used 896K [0x00000000d5580000, 0x00000000d6800000, 0x0000000100000000)
  eden space 15360K, 0% used [0x00000000d5580000,0x00000000d5580000,0x00000000d6480000)
  from space 1024K, 87% used [0x00000000d6700000,0x00000000d67e0000,0x00000000d6800000)
  to   space 1536K, 0% used [0x00000000d6500000,0x00000000d6500000,0x00000000d6680000)
 ParOldGen       total 68608K, used 52974K [0x0000000080000000, 0x0000000084300000, 0x00000000d5580000)
  object space 68608K, 77% used [0x0000000080000000,0x00000000833bb830,0x0000000084300000)
 Metaspace       used 57832K, committed 59136K, reserved 1114112K
  class space    used 6524K, committed 7104K, reserved 1048576K
}
Event: 15.758 GC heap before
{Heap before GC invocations=37 (full 2):
 PSYoungGen      total 16384K, used 16256K [0x00000000d5580000, 0x00000000d6800000, 0x0000000100000000)
  eden space 15360K, 100% used [0x00000000d5580000,0x00000000d6480000,0x00000000d6480000)
  from space 1024K, 87% used [0x00000000d6700000,0x00000000d67e0000,0x00000000d6800000)
  to   space 1536K, 0% used [0x00000000d6500000,0x00000000d6500000,0x00000000d6680000)
 ParOldGen       total 68608K, used 52974K [0x0000000080000000, 0x0000000084300000, 0x00000000d5580000)
  object space 68608K, 77% used [0x0000000080000000,0x00000000833bb830,0x0000000084300000)
 Metaspace       used 58470K, committed 59840K, reserved 1114112K
  class space    used 6593K, committed 7168K, reserved 1048576K
}
Event: 15.763 GC heap after
{Heap after GC invocations=37 (full 2):
 PSYoungGen      total 16896K, used 1509K [0x00000000d5580000, 0x00000000d6a80000, 0x0000000100000000)
  eden space 15360K, 0% used [0x00000000d5580000,0x00000000d5580000,0x00000000d6480000)
  from space 1536K, 98% used [0x00000000d6500000,0x00000000d6679570,0x00000000d6680000)
  to   space 3072K, 0% used [0x00000000d6780000,0x00000000d6780000,0x00000000d6a80000)
 ParOldGen       total 68608K, used 53945K [0x0000000080000000, 0x0000000084300000, 0x00000000d5580000)
  object space 68608K, 78% used [0x0000000080000000,0x00000000834ae460,0x0000000084300000)
 Metaspace       used 58470K, committed 59840K, reserved 1114112K
  class space    used 6593K, committed 7168K, reserved 1048576K
}
Event: 15.997 GC heap before
{Heap before GC invocations=38 (full 2):
 PSYoungGen      total 16896K, used 16869K [0x00000000d5580000, 0x00000000d6a80000, 0x0000000100000000)
  eden space 15360K, 100% used [0x00000000d5580000,0x00000000d6480000,0x00000000d6480000)
  from space 1536K, 98% used [0x00000000d6500000,0x00000000d6679570,0x00000000d6680000)
  to   space 3072K, 0% used [0x00000000d6780000,0x00000000d6780000,0x00000000d6a80000)
 ParOldGen       total 68608K, used 53945K [0x0000000080000000, 0x0000000084300000, 0x00000000d5580000)
  object space 68608K, 78% used [0x0000000080000000,0x00000000834ae460,0x0000000084300000)
 Metaspace       used 58818K, committed 60224K, reserved 1114112K
  class space    used 6616K, committed 7232K, reserved 1048576K
}
Event: 16.003 GC heap after
{Heap after GC invocations=38 (full 2):
 PSYoungGen      total 17920K, used 2455K [0x00000000d5580000, 0x00000000d6a00000, 0x0000000100000000)
  eden space 15360K, 0% used [0x00000000d5580000,0x00000000d5580000,0x00000000d6480000)
  from space 2560K, 95% used [0x00000000d6780000,0x00000000d69e5e18,0x00000000d6a00000)
  to   space 2560K, 0% used [0x00000000d6500000,0x00000000d6500000,0x00000000d6780000)
 ParOldGen       total 68608K, used 55388K [0x0000000080000000, 0x0000000084300000, 0x00000000d5580000)
  object space 68608K, 80% used [0x0000000080000000,0x00000000836173f8,0x0000000084300000)
 Metaspace       used 58818K, committed 60224K, reserved 1114112K
  class space    used 6616K, committed 7232K, reserved 1048576K
}
Event: 16.382 GC heap before
{Heap before GC invocations=39 (full 2):
 PSYoungGen      total 17920K, used 13826K [0x00000000d5580000, 0x00000000d6a00000, 0x0000000100000000)
  eden space 15360K, 74% used [0x00000000d5580000,0x00000000d609aac0,0x00000000d6480000)
  from space 2560K, 95% used [0x00000000d6780000,0x00000000d69e5e18,0x00000000d6a00000)
  to   space 2560K, 0% used [0x00000000d6500000,0x00000000d6500000,0x00000000d6780000)
 ParOldGen       total 68608K, used 55388K [0x0000000080000000, 0x0000000084300000, 0x00000000d5580000)
  object space 68608K, 80% used [0x0000000080000000,0x00000000836173f8,0x0000000084300000)
 Metaspace       used 59381K, committed 60736K, reserved 1114112K
  class space    used 6666K, committed 7296K, reserved 1048576K
}
Event: 16.388 GC heap after
{Heap after GC invocations=39 (full 2):
 PSYoungGen      total 17408K, used 1668K [0x00000000d5580000, 0x00000000d6880000, 0x0000000100000000)
  eden space 15360K, 0% used [0x00000000d5580000,0x00000000d5580000,0x00000000d6480000)
  from space 2048K, 81% used [0x00000000d6500000,0x00000000d66a1368,0x00000000d6700000)
  to   space 1536K, 0% used [0x00000000d6700000,0x00000000d6700000,0x00000000d6880000)
 ParOldGen       total 68608K, used 57642K [0x0000000080000000, 0x0000000084300000, 0x00000000d5580000)
  object space 68608K, 84% used [0x0000000080000000,0x000000008384a990,0x0000000084300000)
 Metaspace       used 59381K, committed 60736K, reserved 1114112K
  class space    used 6666K, committed 7296K, reserved 1048576K
}
Event: 16.388 GC heap before
{Heap before GC invocations=40 (full 3):
 PSYoungGen      total 17408K, used 1668K [0x00000000d5580000, 0x00000000d6880000, 0x0000000100000000)
  eden space 15360K, 0% used [0x00000000d5580000,0x00000000d5580000,0x00000000d6480000)
  from space 2048K, 81% used [0x00000000d6500000,0x00000000d66a1368,0x00000000d6700000)
  to   space 1536K, 0% used [0x00000000d6700000,0x00000000d6700000,0x00000000d6880000)
 ParOldGen       total 68608K, used 57642K [0x0000000080000000, 0x0000000084300000, 0x00000000d5580000)
  object space 68608K, 84% used [0x0000000080000000,0x000000008384a990,0x0000000084300000)
 Metaspace       used 59381K, committed 60736K, reserved 1114112K
  class space    used 6666K, committed 7296K, reserved 1048576K
}
Event: 16.556 GC heap after
{Heap after GC invocations=40 (full 3):
 PSYoungGen      total 17408K, used 0K [0x00000000d5580000, 0x00000000d6880000, 0x0000000100000000)
  eden space 15360K, 0% used [0x00000000d5580000,0x00000000d5580000,0x00000000d6480000)
  from space 2048K, 0% used [0x00000000d6500000,0x00000000d6500000,0x00000000d6700000)
  to   space 1536K, 0% used [0x00000000d6700000,0x00000000d6700000,0x00000000d6880000)
 ParOldGen       total 68608K, used 52102K [0x0000000080000000, 0x0000000084300000, 0x00000000d5580000)
  object space 68608K, 75% used [0x0000000080000000,0x00000000832e1af0,0x0000000084300000)
 Metaspace       used 59381K, committed 60736K, reserved 1114112K
  class space    used 6666K, committed 7296K, reserved 1048576K
}

