# JRE version: OpenJDK Runtime Environment Temurin-21.0.11+10 (21.0.11+10) (build 21.0.11+10-LTS)
# Java VM: OpenJDK 64-Bit Server VM Temurin-21.0.11+10 (21.0.11+10-LTS, mixed mode, sharing, tiered, compressed oops, compressed class ptrs, parallel gc, windows-amd64)
GC Precious Log:
 CardTable entry size: 512
 CPUs: 8 total, 8 available
 Memory: 20247M
 Large Page Support: Disabled
 NUMA Support: Disabled
 Compressed Oops: Enabled (32-bit)
 Alignments: Space 512K, Generation 512K, Heap 2M
 Heap Min Capacity: 100M
 Heap Initial Capacity: 100M
 Heap Max Capacity: 2G
 Pre-touch: Disabled
 Parallel Workers: 8
Heap:
 PSYoungGen      total 13312K, used 5654K [0x00000000d5580000, 0x00000000d6600000, 0x0000000100000000)
  eden space 12288K, 37% used [0x00000000d5580000,0x00000000d5a05ae0,0x00000000d6180000)
  from space 1024K, 100% used [0x00000000d6400000,0x00000000d6500000,0x00000000d6500000)
  to   space 1024K, 0% used [0x00000000d6500000,0x00000000d6500000,0x00000000d6600000)
 ParOldGen       total 87040K, used 86796K [0x0000000080000000, 0x0000000085500000, 0x00000000d5580000)
  object space 87040K, 99% used [0x0000000080000000,0x00000000854c33d0,0x0000000085500000)
 Metaspace       used 82683K, committed 84416K, reserved 1179648K
  class space    used 9965K, committed 10752K, reserved 1048576K
GC Heap History (20 events):
Event: 71.190 GC heap before
{Heap before GC invocations=93 (full 3):
 PSYoungGen      total 13312K, used 13312K [0x00000000d5580000, 0x00000000d6a80000, 0x0000000100000000)
  eden space 12288K, 100% used [0x00000000d5580000,0x00000000d6180000,0x00000000d6180000)
  from space 1024K, 100% used [0x00000000d6180000,0x00000000d6280000,0x00000000d6280000)
  to   space 4608K, 0% used [0x00000000d6600000,0x00000000d6600000,0x00000000d6a80000)
 ParOldGen       total 83456K, used 83214K [0x0000000080000000, 0x0000000085180000, 0x00000000d5580000)
  object space 83456K, 99% used [0x0000000080000000,0x0000000085143ad8,0x0000000085180000)
 Metaspace       used 79160K, committed 80768K, reserved 1179648K
  class space    used 9549K, committed 10240K, reserved 1048576K
}
Event: 71.193 GC heap after
{Heap after GC invocations=93 (full 3):
 PSYoungGen      total 13824K, used 1260K [0x00000000d5580000, 0x00000000d6780000, 0x0000000100000000)
  eden space 12288K, 0% used [0x00000000d5580000,0x00000000d5580000,0x00000000d6180000)
  from space 1536K, 82% used [0x00000000d6600000,0x00000000d673b358,0x00000000d6780000)
  to   space 2560K, 0% used [0x00000000d6280000,0x00000000d6280000,0x00000000d6500000)
 ParOldGen       total 84480K, used 84248K [0x0000000080000000, 0x0000000085280000, 0x00000000d5580000)
  object space 84480K, 99% used [0x0000000080000000,0x0000000085246178,0x0000000085280000)
 Metaspace       used 79160K, committed 80768K, reserved 1179648K
  class space    used 9549K, committed 10240K, reserved 1048576K
}
Event: 71.450 GC heap before
{Heap before GC invocations=94 (full 3):
 PSYoungGen      total 13824K, used 13548K [0x00000000d5580000, 0x00000000d6780000, 0x0000000100000000)
  eden space 12288K, 100% used [0x00000000d5580000,0x00000000d6180000,0x00000000d6180000)
  from space 1536K, 82% used [0x00000000d6600000,0x00000000d673b358,0x00000000d6780000)
  to   space 2560K, 0% used [0x00000000d6280000,0x00000000d6280000,0x00000000d6500000)
 ParOldGen       total 84480K, used 84248K [0x0000000080000000, 0x0000000085280000, 0x00000000d5580000)
  object space 84480K, 99% used [0x0000000080000000,0x0000000085246178,0x0000000085280000)
 Metaspace       used 79893K, committed 81472K, reserved 1179648K
  class space    used 9668K, committed 10368K, reserved 1048576K
}
Event: 71.453 GC heap after
{Heap after GC invocations=94 (full 3):
 PSYoungGen      total 14848K, used 224K [0x00000000d5580000, 0x00000000d6680000, 0x0000000100000000)
  eden space 12288K, 0% used [0x00000000d5580000,0x00000000d5580000,0x00000000d6180000)
  from space 2560K, 8% used [0x00000000d6280000,0x00000000d62b8000,0x00000000d6500000)
  to   space 1024K, 0% used [0x00000000d6580000,0x00000000d6580000,0x00000000d6680000)
 ParOldGen       total 85504K, used 85403K [0x0000000080000000, 0x0000000085380000, 0x00000000d5580000)
  object space 85504K, 99% used [0x0000000080000000,0x0000000085366cd0,0x0000000085380000)
 Metaspace       used 79893K, committed 81472K, reserved 1179648K
  class space    used 9668K, committed 10368K, reserved 1048576K
}
Event: 71.639 GC heap before
{Heap before GC invocations=95 (full 3):
 PSYoungGen      total 14848K, used 12512K [0x00000000d5580000, 0x00000000d6680000, 0x0000000100000000)
  eden space 12288K, 100% used [0x00000000d5580000,0x00000000d6180000,0x00000000d6180000)
  from space 2560K, 8% used [0x00000000d6280000,0x00000000d62b8000,0x00000000d6500000)
  to   space 1024K, 0% used [0x00000000d6580000,0x00000000d6580000,0x00000000d6680000)
 ParOldGen       total 85504K, used 85403K [0x0000000080000000, 0x0000000085380000, 0x00000000d5580000)
  object space 85504K, 99% used [0x0000000080000000,0x0000000085366cd0,0x0000000085380000)
 Metaspace       used 80054K, committed 81728K, reserved 1179648K
  class space    used 9682K, committed 10432K, reserved 1048576K
}
Event: 71.642 GC heap after
{Heap after GC invocations=95 (full 3):
 PSYoungGen      total 12800K, used 256K [0x00000000d5580000, 0x00000000d6600000, 0x0000000100000000)
  eden space 12288K, 0% used [0x00000000d5580000,0x00000000d5580000,0x00000000d6180000)
  from space 512K, 50% used [0x00000000d6580000,0x00000000d65c0000,0x00000000d6600000)
  to   space 512K, 0% used [0x00000000d6500000,0x00000000d6500000,0x00000000d6580000)
 ParOldGen       total 86016K, used 85507K [0x0000000080000000, 0x0000000085400000, 0x00000000d5580000)
  object space 86016K, 99% used [0x0000000080000000,0x0000000085380cd0,0x0000000085400000)
 Metaspace       used 80054K, committed 81728K, reserved 1179648K
  class space    used 9682K, committed 10432K, reserved 1048576K
}
Event: 71.915 GC heap before
{Heap before GC invocations=96 (full 3):
 PSYoungGen      total 12800K, used 12526K [0x00000000d5580000, 0x00000000d6600000, 0x0000000100000000)
  eden space 12288K, 99% used [0x00000000d5580000,0x00000000d617b980,0x00000000d6180000)
  from space 512K, 50% used [0x00000000d6580000,0x00000000d65c0000,0x00000000d6600000)
  to   space 512K, 0% used [0x00000000d6500000,0x00000000d6500000,0x00000000d6580000)
 ParOldGen       total 86016K, used 85507K [0x0000000080000000, 0x0000000085400000, 0x00000000d5580000)
  object space 86016K, 99% used [0x0000000080000000,0x0000000085380cd0,0x0000000085400000)
 Metaspace       used 80069K, committed 81728K, reserved 1179648K
  class space    used 9684K, committed 10432K, reserved 1048576K
}
Event: 71.917 GC heap after
{Heap after GC invocations=96 (full 3):
 PSYoungGen      total 12800K, used 88K [0x00000000d5580000, 0x00000000d6600000, 0x0000000100000000)
  eden space 12288K, 0% used [0x00000000d5580000,0x00000000d5580000,0x00000000d6180000)
  from space 512K, 17% used [0x00000000d6500000,0x00000000d65163e0,0x00000000d6580000)
  to   space 512K, 0% used [0x00000000d6580000,0x00000000d6580000,0x00000000d6600000)
 ParOldGen       total 86016K, used 85555K [0x0000000080000000, 0x0000000085400000, 0x00000000d5580000)
  object space 86016K, 99% used [0x0000000080000000,0x000000008538ccd0,0x0000000085400000)
 Metaspace       used 80069K, committed 81728K, reserved 1179648K
  class space    used 9684K, committed 10432K, reserved 1048576K
}
Event: 72.645 GC heap before
{Heap before GC invocations=97 (full 3):
 PSYoungGen      total 12800K, used 12376K [0x00000000d5580000, 0x00000000d6600000, 0x0000000100000000)
  eden space 12288K, 100% used [0x00000000d5580000,0x00000000d6180000,0x00000000d6180000)
  from space 512K, 17% used [0x00000000d6500000,0x00000000d65163e0,0x00000000d6580000)
  to   space 512K, 0% used [0x00000000d6580000,0x00000000d6580000,0x00000000d6600000)
 ParOldGen       total 86016K, used 85555K [0x0000000080000000, 0x0000000085400000, 0x00000000d5580000)
  object space 86016K, 99% used [0x0000000080000000,0x000000008538ccd0,0x0000000085400000)
 Metaspace       used 80822K, committed 82432K, reserved 1179648K
  class space    used 9749K, committed 10496K, reserved 1048576K
}
Event: 72.651 GC heap after
{Heap after GC invocations=97 (full 3):
 PSYoungGen      total 12800K, used 416K [0x00000000d5580000, 0x00000000d6600000, 0x0000000100000000)
  eden space 12288K, 0% used [0x00000000d5580000,0x00000000d5580000,0x00000000d6180000)
  from space 512K, 81% used [0x00000000d6580000,0x00000000d65e8000,0x00000000d6600000)
  to   space 512K, 0% used [0x00000000d6500000,0x00000000d6500000,0x00000000d6580000)
 ParOldGen       total 86016K, used 85603K [0x0000000080000000, 0x0000000085400000, 0x00000000d5580000)
  object space 86016K, 99% used [0x0000000080000000,0x0000000085398cd0,0x0000000085400000)
 Metaspace       used 80822K, committed 82432K, reserved 1179648K
  class space    used 9749K, committed 10496K, reserved 1048576K
}
Event: 72.992 GC heap before
{Heap before GC invocations=98 (full 3):
 PSYoungGen      total 12800K, used 12704K [0x00000000d5580000, 0x00000000d6600000, 0x0000000100000000)
  eden space 12288K, 100% used [0x00000000d5580000,0x00000000d6180000,0x00000000d6180000)
  from space 512K, 81% used [0x00000000d6580000,0x00000000d65e8000,0x00000000d6600000)
  to   space 512K, 0% used [0x00000000d6500000,0x00000000d6500000,0x00000000d6580000)
 ParOldGen       total 86016K, used 85603K [0x0000000080000000, 0x0000000085400000, 0x00000000d5580000)
  object space 86016K, 99% used [0x0000000080000000,0x0000000085398cd0,0x0000000085400000)
 Metaspace       used 81200K, committed 82880K, reserved 1179648K
  class space    used 9807K, committed 10560K, reserved 1048576K
}
Event: 72.995 GC heap after
{Heap after GC invocations=98 (full 3):
 PSYoungGen      total 12800K, used 288K [0x00000000d5580000, 0x00000000d6600000, 0x0000000100000000)
  eden space 12288K, 0% used [0x00000000d5580000,0x00000000d5580000,0x00000000d6180000)
  from space 512K, 56% used [0x00000000d6500000,0x00000000d6548000,0x00000000d6580000)
  to   space 512K, 0% used [0x00000000d6580000,0x00000000d6580000,0x00000000d6600000)
 ParOldGen       total 86016K, used 85899K [0x0000000080000000, 0x0000000085400000, 0x00000000d5580000)
  object space 86016K, 99% used [0x0000000080000000,0x00000000853e2cd0,0x0000000085400000)
 Metaspace       used 81200K, committed 82880K, reserved 1179648K
  class space    used 9807K, committed 10560K, reserved 1048576K
}
Event: 73.340 GC heap before
{Heap before GC invocations=99 (full 3):
 PSYoungGen      total 12800K, used 12576K [0x00000000d5580000, 0x00000000d6600000, 0x0000000100000000)
  eden space 12288K, 100% used [0x00000000d5580000,0x00000000d6180000,0x00000000d6180000)
  from space 512K, 56% used [0x00000000d6500000,0x00000000d6548000,0x00000000d6580000)
  to   space 512K, 0% used [0x00000000d6580000,0x00000000d6580000,0x00000000d6600000)
 ParOldGen       total 86016K, used 85899K [0x0000000080000000, 0x0000000085400000, 0x00000000d5580000)
  object space 86016K, 99% used [0x0000000080000000,0x00000000853e2cd0,0x0000000085400000)
 Metaspace       used 81260K, committed 82944K, reserved 1179648K
  class space    used 9816K, committed 10560K, reserved 1048576K
}
Event: 73.342 GC heap after
{Heap after GC invocations=99 (full 3):
 PSYoungGen      total 12800K, used 192K [0x00000000d5580000, 0x00000000d6600000, 0x0000000100000000)
  eden space 12288K, 0% used [0x00000000d5580000,0x00000000d5580000,0x00000000d6180000)
  from space 512K, 37% used [0x00000000d6580000,0x00000000d65b0000,0x00000000d6600000)
  to   space 512K, 0% used [0x00000000d6500000,0x00000000d6500000,0x00000000d6580000)
 ParOldGen       total 86016K, used 86011K [0x0000000080000000, 0x0000000085400000, 0x00000000d5580000)
  object space 86016K, 99% used [0x0000000080000000,0x00000000853fed00,0x0000000085400000)
 Metaspace       used 81260K, committed 82944K, reserved 1179648K
  class space    used 9816K, committed 10560K, reserved 1048576K
}
Event: 73.835 GC heap before
{Heap before GC invocations=100 (full 3):
 PSYoungGen      total 12800K, used 12480K [0x00000000d5580000, 0x00000000d6600000, 0x0000000100000000)
  eden space 12288K, 100% used [0x00000000d5580000,0x00000000d6180000,0x00000000d6180000)
  from space 512K, 37% used [0x00000000d6580000,0x00000000d65b0000,0x00000000d6600000)
  to   space 512K, 0% used [0x00000000d6500000,0x00000000d6500000,0x00000000d6580000)
 ParOldGen       total 86016K, used 86011K [0x0000000080000000, 0x0000000085400000, 0x00000000d5580000)
  object space 86016K, 99% used [0x0000000080000000,0x00000000853fed00,0x0000000085400000)
 Metaspace       used 81272K, committed 82944K, reserved 1179648K
  class space    used 9816K, committed 10560K, reserved 1048576K
}
Event: 73.836 GC heap after
{Heap after GC invocations=100 (full 3):
 PSYoungGen      total 12800K, used 240K [0x00000000d5580000, 0x00000000d6600000, 0x0000000100000000)
  eden space 12288K, 0% used [0x00000000d5580000,0x00000000d5580000,0x00000000d6180000)
  from space 512K, 46% used [0x00000000d6500000,0x00000000d653c010,0x00000000d6580000)
  to   space 512K, 0% used [0x00000000d6580000,0x00000000d6580000,0x00000000d6600000)
 ParOldGen       total 86528K, used 86075K [0x0000000080000000, 0x0000000085480000, 0x00000000d5580000)
  object space 86528K, 99% used [0x0000000080000000,0x000000008540ed00,0x0000000085480000)
 Metaspace       used 81272K, committed 82944K, reserved 1179648K
  class space    used 9816K, committed 10560K, reserved 1048576K
}
Event: 74.276 GC heap before
{Heap before GC invocations=101 (full 3):
 PSYoungGen      total 12800K, used 12528K [0x00000000d5580000, 0x00000000d6600000, 0x0000000100000000)
  eden space 12288K, 100% used [0x00000000d5580000,0x00000000d6180000,0x00000000d6180000)
  from space 512K, 46% used [0x00000000d6500000,0x00000000d653c010,0x00000000d6580000)
  to   space 512K, 0% used [0x00000000d6580000,0x00000000d6580000,0x00000000d6600000)
 ParOldGen       total 86528K, used 86075K [0x0000000080000000, 0x0000000085480000, 0x00000000d5580000)
  object space 86528K, 99% used [0x0000000080000000,0x000000008540ed00,0x0000000085480000)
 Metaspace       used 82010K, committed 83712K, reserved 1179648K
  class space    used 9900K, committed 10688K, reserved 1048576K
}
Event: 74.278 GC heap after
{Heap after GC invocations=101 (full 3):
 PSYoungGen      total 12800K, used 495K [0x00000000d5580000, 0x00000000d6600000, 0x0000000100000000)
  eden space 12288K, 0% used [0x00000000d5580000,0x00000000d5580000,0x00000000d6180000)
  from space 512K, 96% used [0x00000000d6580000,0x00000000d65fbc10,0x00000000d6600000)
  to   space 1024K, 0% used [0x00000000d6400000,0x00000000d6400000,0x00000000d6500000)
 ParOldGen       total 86528K, used 86458K [0x0000000080000000, 0x0000000085480000, 0x00000000d5580000)
  object space 86528K, 99% used [0x0000000080000000,0x000000008546e930,0x0000000085480000)
 Metaspace       used 82010K, committed 83712K, reserved 1179648K
  class space    used 9900K, committed 10688K, reserved 1048576K
}
Event: 312.124 GC heap before
{Heap before GC invocations=102 (full 3):
 PSYoungGen      total 12800K, used 12782K [0x00000000d5580000, 0x00000000d6600000, 0x0000000100000000)
  eden space 12288K, 99% used [0x00000000d5580000,0x00000000d617ffe8,0x00000000d6180000)
  from space 512K, 96% used [0x00000000d6580000,0x00000000d65fbc10,0x00000000d6600000)
  to   space 1024K, 0% used [0x00000000d6400000,0x00000000d6400000,0x00000000d6500000)
 ParOldGen       total 86528K, used 86458K [0x0000000080000000, 0x0000000085480000, 0x00000000d5580000)
  object space 86528K, 99% used [0x0000000080000000,0x000000008546e930,0x0000000085480000)
 Metaspace       used 82452K, committed 84160K, reserved 1179648K
  class space    used 9943K, committed 10752K, reserved 1048576K
}
Event: 312.128 GC heap after
{Heap after GC invocations=102 (full 3):
 PSYoungGen      total 13312K, used 1024K [0x00000000d5580000, 0x00000000d6600000, 0x0000000100000000)
  eden space 12288K, 0% used [0x00000000d5580000,0x00000000d5580000,0x00000000d6180000)
  from space 1024K, 100% used [0x00000000d6400000,0x00000000d6500000,0x00000000d6500000)
  to   space 1024K, 0% used [0x00000000d6500000,0x00000000d6500000,0x00000000d6600000)
 ParOldGen       total 87040K, used 86796K [0x0000000080000000, 0x0000000085500000, 0x00000000d5580000)
  object space 87040K, 99% used [0x0000000080000000,0x00000000854c33d0,0x0000000085500000)
 Metaspace       used 82452K, committed 84160K, reserved 1179648K
  class space    used 9943K, committed 10752K, reserved 1048576K
}

